[0.010s] Invoking command in '/home/karol/turtlebot3_ws/build/turtlebot3_gazebo': CMAKE_PREFIX_PATH=${CMAKE_PREFIX_PATH}:/opt/ros/humble /usr/bin/cmake /home/karol/turtlebot3_ws/src/turtlebot3_simulations/turtlebot3_gazebo -DAMENT_CMAKE_SYMLINK_INSTALL=1 -DCMAKE_INSTALL_PREFIX=/home/karol/turtlebot3_ws/install/turtlebot3_gazebo
[0.062s] -- The C compiler identification is GNU 11.4.0
[0.101s] -- The CXX compiler identification is GNU 11.4.0
[0.106s] -- Detecting C compiler ABI info
[0.170s] -- Detecting C compiler ABI info - done
[0.175s] -- Check for working C compiler: /usr/bin/cc - skipped
[0.175s] -- Detecting C compile features
[0.176s] -- Detecting C compile features - done
[0.177s] -- Detecting CXX compiler ABI info
[0.241s] -- Detecting CXX compiler ABI info - done
[0.246s] -- Check for working CXX compiler: /usr/bin/c++ - skipped
[0.246s] -- Detecting CXX compile features
[0.246s] -- Detecting CXX compile features - done
[0.251s] -- Found ament_cmake: 1.3.11 (/opt/ros/humble/share/ament_cmake/cmake)
[0.368s] -- Found Python3: /usr/bin/python3 (found version "3.10.12") found components: Interpreter 
[0.422s] -- Override CMake install command with custom implementation using symlinks instead of copying resources
[0.449s] -- Found PkgConfig: /usr/bin/pkg-config (found version "0.29.2") 
[0.450s] [33mCMake Warning (dev) at /usr/share/cmake-3.22/Modules/FindPackageHandleStandardArgs.cmake:438 (message):
[0.450s]   The package name passed to `find_package_handle_standard_args` (PkgConfig)
[0.450s]   does not match the name of the calling package (gazebo).  This can lead to
[0.450s]   problems in calling code that expects `find_package` result variables
[0.450s]   (e.g., `_FOUND`) to follow a certain pattern.
[0.450s] Call Stack (most recent call first):
[0.450s]   /usr/share/cmake-3.22/Modules/FindPkgConfig.cmake:99 (find_package_handle_standard_args)
[0.450s]   /usr/lib/x86_64-linux-gnu/cmake/gazebo/gazebo-config.cmake:72 (include)
[0.450s]   CMakeLists.txt:23 (find_package)
[0.450s] This warning is for project developers.  Use -Wno-dev to suppress it.
[0.450s] [0m
[0.453s] -- Checking for module 'bullet>=2.82'
[0.466s] --   Found bullet, version 3.05
[0.561s] -- Found fcl: /usr/include (found suitable version "0.7.0", minimum required is "0.5.0") 
[0.608s] -- Found assimp: /usr/include (found version "5.2.0") 
[0.630s] -- Found DART: /usr/include (Required is at least version "6.6") found components: dart 
[0.794s] -- Found Boost: /usr/lib/x86_64-linux-gnu/cmake/Boost-1.74.0/BoostConfig.cmake (found suitable version "1.74.0", minimum required is "1.40.0") found components: thread system filesystem program_options regex iostreams date_time 
[0.806s] -- Found Protobuf: /usr/lib/x86_64-linux-gnu/libprotobuf.so (found version "3.12.4") 
[0.808s] -- Looking for ignition-math6 -- found version 6.15.1
[0.812s] -- Searching for dependencies of ignition-math6
[0.813s] -- Looking for OGRE...
[0.813s] -- OGRE_PREFIX_WATCH changed.
[0.818s] -- Checking for module 'OGRE'
[0.832s] --   Found OGRE, version 1.9.0
[0.864s] -- Found Ogre Ghadamon (1.9.0)
[0.871s] -- Found OGRE: optimized;/usr/lib/x86_64-linux-gnu/libOgreMain.so;debug;/usr/lib/x86_64-linux-gnu/libOgreMain.so
[0.877s] -- Looking for OGRE_Paging...
[0.880s] -- Found OGRE_Paging: optimized;/usr/lib/x86_64-linux-gnu/libOgrePaging.so;debug;/usr/lib/x86_64-linux-gnu/libOgrePaging.so
[0.880s] -- Looking for OGRE_Terrain...
[0.883s] -- Found OGRE_Terrain: optimized;/usr/lib/x86_64-linux-gnu/libOgreTerrain.so;debug;/usr/lib/x86_64-linux-gnu/libOgreTerrain.so
[0.883s] -- Looking for OGRE_Property...
[0.886s] -- Found OGRE_Property: optimized;/usr/lib/x86_64-linux-gnu/libOgreProperty.so;debug;/usr/lib/x86_64-linux-gnu/libOgreProperty.so
[0.886s] -- Looking for OGRE_RTShaderSystem...
[0.889s] -- Found OGRE_RTShaderSystem: optimized;/usr/lib/x86_64-linux-gnu/libOgreRTShaderSystem.so;debug;/usr/lib/x86_64-linux-gnu/libOgreRTShaderSystem.so
[0.889s] -- Looking for OGRE_Volume...
[0.891s] -- Found OGRE_Volume: optimized;/usr/lib/x86_64-linux-gnu/libOgreVolume.so;debug;/usr/lib/x86_64-linux-gnu/libOgreVolume.so
[0.891s] -- Looking for OGRE_Overlay...
[0.894s] -- Found OGRE_Overlay: optimized;/usr/lib/x86_64-linux-gnu/libOgreOverlay.so;debug;/usr/lib/x86_64-linux-gnu/libOgreOverlay.so
[0.968s] -- Looking for ignition-math6 -- found version 6.15.1
[0.969s] -- Looking for ignition-transport8 -- found version 8.2.1
[0.970s] -- Searching for dependencies of ignition-transport8
[0.982s] -- Found Protobuf: /usr/lib/x86_64-linux-gnu/libprotobuf.so (found suitable version "3.12.4", minimum required is "3") 
[0.988s] -- Config-file not installed for ZeroMQ -- checking for pkg-config
[0.992s] -- Checking for module 'libzmq >= 4'
[1.005s] --   Found libzmq , version 4.3.4
[1.041s] -- Found ZeroMQ: TRUE (Required is at least version "4") 
[1.045s] -- Checking for module 'uuid'
[1.058s] --   Found uuid, version 2.37.2
[1.091s] -- Found UUID: TRUE  
[1.092s] -- Looking for ignition-msgs5 -- found version 5.8.1
[1.093s] -- Searching for dependencies of ignition-msgs5
[1.105s] -- Looking for ignition-math6 -- found version 6.15.1
[1.111s] -- Checking for module 'tinyxml2'
[1.124s] --   Found tinyxml2, version 9.0.0
[1.156s] -- Looking for ignition-msgs5 -- found version 5.8.1
[1.157s] -- Looking for ignition-common3 -- found version 3.14.0
[1.157s] -- Searching for dependencies of ignition-common3
[1.157s] -- Looking for dlfcn.h - found
[1.158s] -- Looking for libdl - found
[1.159s] -- Found DL: TRUE  
[1.170s] -- Found tinyobjloader: /usr/lib/x86_64-linux-gnu/cmake/tinyobjloader/tinyobjloader-config.cmake (found version "2.0.0") 
[1.170s] -- Searching for <ignition-common3> component [graphics]
[1.173s] -- Looking for ignition-common3-graphics -- found version 3.14.0
[1.174s] -- Searching for dependencies of ignition-common3-graphics
[1.174s] -- Looking for ignition-math6 -- found version 6.15.1
[1.177s] -- Looking for ignition-fuel_tools4 -- found version 4.4.0
[1.177s] -- Searching for dependencies of ignition-fuel_tools4
[1.250s] -- Found CURL: /usr/lib/x86_64-linux-gnu/libcurl.so (found version "7.81.0")  
[1.261s] -- Checking for module 'jsoncpp'
[1.272s] --   Found jsoncpp, version 1.9.5
[1.304s] -- Found JSONCPP: TRUE  
[1.312s] -- Checking for module 'libzip'
[1.323s] --   Found libzip, version 1.7.3
[1.356s] -- Found ZIP: TRUE  
[1.356s] -- Looking for ignition-common3 -- found version 3.14.0
[1.356s] -- Looking for ignition-math6 -- found version 6.15.1
[1.356s] -- Looking for ignition-msgs5 -- found version 5.8.1
[1.367s] -- Found gazebo_ros_pkgs: 3.7.0 (/opt/ros/humble/share/gazebo_ros_pkgs/cmake)
[1.368s] -- Found geometry_msgs: 4.2.4 (/opt/ros/humble/share/geometry_msgs/cmake)
[1.387s] -- Found rosidl_generator_c: 3.1.6 (/opt/ros/humble/share/rosidl_generator_c/cmake)
[1.390s] -- Found rosidl_adapter: 3.1.6 (/opt/ros/humble/share/rosidl_adapter/cmake)
[1.394s] -- Found rosidl_generator_cpp: 3.1.6 (/opt/ros/humble/share/rosidl_generator_cpp/cmake)
[1.402s] -- Using all available rosidl_typesupport_c: rosidl_typesupport_fastrtps_c;rosidl_typesupport_introspection_c
[1.411s] -- Using all available rosidl_typesupport_cpp: rosidl_typesupport_fastrtps_cpp;rosidl_typesupport_introspection_cpp
[1.434s] -- Found nav_msgs: 4.2.4 (/opt/ros/humble/share/nav_msgs/cmake)
[1.444s] -- Found rclcpp: 16.0.11 (/opt/ros/humble/share/rclcpp/cmake)
[1.465s] -- Found rmw_implementation_cmake: 6.1.2 (/opt/ros/humble/share/rmw_implementation_cmake/cmake)
[1.467s] -- Found rmw_cyclonedds_cpp: 1.3.4 (/opt/ros/humble/share/rmw_cyclonedds_cpp/cmake)
[1.481s] -- Using RMW implementation 'rmw_cyclonedds_cpp' as default
[1.486s] -- Found Threads: TRUE  
[1.508s] -- Found sensor_msgs: 4.2.4 (/opt/ros/humble/share/sensor_msgs/cmake)
[1.518s] -- Found tf2: 0.25.9 (/opt/ros/humble/share/tf2/cmake)
[1.563s] -- Configuring done
[1.578s] -- Generating done
[1.582s] -- Build files have been written to: /home/karol/turtlebot3_ws/build/turtlebot3_gazebo
