-- Found ament_cmake: 1.3.11 (/opt/ros/humble/share/ament_cmake/cmake)
-- Override CMake install command with custom implementation using symlinks instead of copying resources
-- Found rclcpp: 16.0.11 (/opt/ros/humble/share/rclcpp/cmake)
-- Found rosidl_generator_c: 3.1.6 (/opt/ros/humble/share/rosidl_generator_c/cmake)
-- Found rosidl_adapter: 3.1.6 (/opt/ros/humble/share/rosidl_adapter/cmake)
-- Found rosidl_generator_cpp: 3.1.6 (/opt/ros/humble/share/rosidl_generator_cpp/cmake)
-- Using all available rosidl_typesupport_c: rosidl_typesupport_fastrtps_c;rosidl_typesupport_introspection_c
-- Using all available rosidl_typesupport_cpp: rosidl_typesupport_fastrtps_cpp;rosidl_typesupport_introspection_cpp
-- Found rmw_implementation_cmake: 6.1.2 (/opt/ros/humble/share/rmw_implementation_cmake/cmake)
-- Found rmw_cyclonedds_cpp: 1.3.4 (/opt/ros/humble/share/rmw_cyclonedds_cpp/cmake)
-- Using RMW implementation 'rmw_cyclonedds_cpp' as default
-- Found rclcpp_action: 16.0.11 (/opt/ros/humble/share/rclcpp_action/cmake)
-- Found rclcpp_lifecycle: 16.0.11 (/opt/ros/humble/share/rclcpp_lifecycle/cmake)
-- Found visualization_msgs: 4.2.4 (/opt/ros/humble/share/visualization_msgs/cmake)
-- Found nav2_util: 1.1.17 (/opt/ros/humble/share/nav2_util/cmake)
-- Found eigen3_cmake_module: 0.1.1 (/opt/ros/humble/share/eigen3_cmake_module/cmake)
-- Found Eigen3: TRUE (found version "3.4.0") 
-- Ensuring Eigen3 include directory is part of orocos-kdl CMake target
-- Found nav2_costmap_2d: 1.1.17 (/opt/ros/humble/share/nav2_costmap_2d/cmake)
-- Found nav2_core: 1.1.17 (/opt/ros/humble/share/nav2_core/cmake)
-- Found ament_lint_auto: 0.12.11 (/opt/ros/humble/share/ament_lint_auto/cmake)
-- Added test 'copyright' to check source files copyright and LICENSE
-- Added test 'cppcheck' to perform static code analysis on C / C++ code
-- Configured cppcheck include dirs: /home/karol/turtlebot3_ws/src/TurtleBot-RRT-Star/include
-- Configured cppcheck exclude dirs and/or files: 
-- Added test 'cpplint' to check C / C++ code against the Google style
-- Configured cpplint exclude dirs and/or files: 
-- Added test 'lint_cmake' to check CMake code style
-- Added test 'uncrustify' to check C / C++ code style
-- Configured uncrustify additional arguments: 
-- Added test 'xmllint' to check XML markup files
-- Configuring done
-- Generating done
-- Build files have been written to: /home/karol/turtlebot3_ws/build/nav2_rrtstar_planner
[ 50%] [32mBuilding CXX object CMakeFiles/nav2_rrtstar_planner_plugin.dir/src/rrtstar_planner.cpp.o[0m
[100%] [32m[1mLinking CXX shared library libnav2_rrtstar_planner_plugin.so[0m
[100%] Built target nav2_rrtstar_planner_plugin
-- Install configuration: ""
-- Execute custom install script
-- Symlinking: /home/karol/turtlebot3_ws/install/nav2_rrtstar_planner/share/nav2_rrtstar_planner//global_planner_plugin.xml
-- Symlinking: /home/karol/turtlebot3_ws/install/nav2_rrtstar_planner/lib/libnav2_rrtstar_planner_plugin.so
-- Symlinking: /home/karol/turtlebot3_ws/install/nav2_rrtstar_planner/include//nav2_rrtstar_planner/rrtstar_planner.hpp
-- Up-to-date symlink: /home/karol/turtlebot3_ws/install/nav2_rrtstar_planner/share/nav2_rrtstar_planner/global_planner_plugin.xml
-- Symlinking: /home/karol/turtlebot3_ws/install/nav2_rrtstar_planner/share/nav2_rrtstar_planner/environment/library_path.sh
-- Symlinking: /home/karol/turtlebot3_ws/install/nav2_rrtstar_planner/share/nav2_rrtstar_planner/environment/library_path.dsv
-- Symlinking: /home/karol/turtlebot3_ws/install/nav2_rrtstar_planner/share/ament_index/resource_index/package_run_dependencies/nav2_rrtstar_planner
-- Symlinking: /home/karol/turtlebot3_ws/install/nav2_rrtstar_planner/share/ament_index/resource_index/parent_prefix_path/nav2_rrtstar_planner
-- Symlinking: /home/karol/turtlebot3_ws/install/nav2_rrtstar_planner/share/nav2_rrtstar_planner/environment/ament_prefix_path.sh
-- Symlinking: /home/karol/turtlebot3_ws/install/nav2_rrtstar_planner/share/nav2_rrtstar_planner/environment/ament_prefix_path.dsv
-- Symlinking: /home/karol/turtlebot3_ws/install/nav2_rrtstar_planner/share/nav2_rrtstar_planner/environment/path.sh
-- Symlinking: /home/karol/turtlebot3_ws/install/nav2_rrtstar_planner/share/nav2_rrtstar_planner/environment/path.dsv
-- Symlinking: /home/karol/turtlebot3_ws/install/nav2_rrtstar_planner/share/nav2_rrtstar_planner/local_setup.bash
-- Symlinking: /home/karol/turtlebot3_ws/install/nav2_rrtstar_planner/share/nav2_rrtstar_planner/local_setup.sh
-- Symlinking: /home/karol/turtlebot3_ws/install/nav2_rrtstar_planner/share/nav2_rrtstar_planner/local_setup.zsh
-- Symlinking: /home/karol/turtlebot3_ws/install/nav2_rrtstar_planner/share/nav2_rrtstar_planner/local_setup.dsv
-- Symlinking: /home/karol/turtlebot3_ws/install/nav2_rrtstar_planner/share/nav2_rrtstar_planner/package.dsv
-- Symlinking: /home/karol/turtlebot3_ws/install/nav2_rrtstar_planner/share/ament_index/resource_index/packages/nav2_rrtstar_planner
-- Symlinking: /home/karol/turtlebot3_ws/install/nav2_rrtstar_planner/share/ament_index/resource_index/nav2_core__pluginlib__plugin/nav2_rrtstar_planner
-- Symlinking: /home/karol/turtlebot3_ws/install/nav2_rrtstar_planner/share/nav2_rrtstar_planner/cmake/ament_cmake_export_include_directories-extras.cmake
-- Symlinking: /home/karol/turtlebot3_ws/install/nav2_rrtstar_planner/share/nav2_rrtstar_planner/cmake/ament_cmake_export_libraries-extras.cmake
-- Symlinking: /home/karol/turtlebot3_ws/install/nav2_rrtstar_planner/share/nav2_rrtstar_planner/cmake/ament_cmake_export_dependencies-extras.cmake
-- Symlinking: /home/karol/turtlebot3_ws/install/nav2_rrtstar_planner/share/nav2_rrtstar_planner/cmake/nav2_rrtstar_plannerConfig.cmake
-- Symlinking: /home/karol/turtlebot3_ws/install/nav2_rrtstar_planner/share/nav2_rrtstar_planner/cmake/nav2_rrtstar_plannerConfig-version.cmake
-- Symlinking: /home/karol/turtlebot3_ws/install/nav2_rrtstar_planner/share/nav2_rrtstar_planner/package.xml
