[0.013s] Invoking command in '/home/karol/turtlebot3_ws/build/nav2_rrtstar_planner': CMAKE_PREFIX_PATH=${CMAKE_PREFIX_PATH}:/opt/ros/humble /usr/bin/cmake /home/karol/turtlebot3_ws/src/TurtleBot-RRT-Star -DAMENT_CMAKE_SYMLINK_INSTALL=1 -DCMAKE_INSTALL_PREFIX=/home/karol/turtlebot3_ws/install/nav2_rrtstar_planner
[0.020s] -- Found ament_cmake: 1.3.11 (/opt/ros/humble/share/ament_cmake/cmake)
[0.118s] -- Override CMake install command with custom implementation using symlinks instead of copying resources
[0.124s] -- Found rclcpp: 16.0.11 (/opt/ros/humble/share/rclcpp/cmake)
[0.146s] -- Found rosidl_generator_c: 3.1.6 (/opt/ros/humble/share/rosidl_generator_c/cmake)
[0.147s] -- Found rosidl_adapter: 3.1.6 (/opt/ros/humble/share/rosidl_adapter/cmake)
[0.151s] -- Found rosidl_generator_cpp: 3.1.6 (/opt/ros/humble/share/rosidl_generator_cpp/cmake)
[0.158s] -- Using all available rosidl_typesupport_c: rosidl_typesupport_fastrtps_c;rosidl_typesupport_introspection_c
[0.167s] -- Using all available rosidl_typesupport_cpp: rosidl_typesupport_fastrtps_cpp;rosidl_typesupport_introspection_cpp
[0.189s] -- Found rmw_implementation_cmake: 6.1.2 (/opt/ros/humble/share/rmw_implementation_cmake/cmake)
[0.190s] -- Found rmw_cyclonedds_cpp: 1.3.4 (/opt/ros/humble/share/rmw_cyclonedds_cpp/cmake)
[0.202s] -- Using RMW implementation 'rmw_cyclonedds_cpp' as default
[0.237s] -- Found rclcpp_action: 16.0.11 (/opt/ros/humble/share/rclcpp_action/cmake)
[0.258s] -- Found rclcpp_lifecycle: 16.0.11 (/opt/ros/humble/share/rclcpp_lifecycle/cmake)
[0.269s] -- Found visualization_msgs: 4.2.4 (/opt/ros/humble/share/visualization_msgs/cmake)
[0.304s] -- Found nav2_util: 1.1.17 (/opt/ros/humble/share/nav2_util/cmake)
[0.402s] -- Found eigen3_cmake_module: 0.1.1 (/opt/ros/humble/share/eigen3_cmake_module/cmake)
[0.403s] -- Found Eigen3: TRUE (found version "3.4.0") 
[0.403s] -- Ensuring Eigen3 include directory is part of orocos-kdl CMake target
[0.428s] -- Found nav2_costmap_2d: 1.1.17 (/opt/ros/humble/share/nav2_costmap_2d/cmake)
[0.497s] -- Found nav2_core: 1.1.17 (/opt/ros/humble/share/nav2_core/cmake)
[0.576s] -- Found ament_lint_auto: 0.12.11 (/opt/ros/humble/share/ament_lint_auto/cmake)
[0.654s] -- Added test 'copyright' to check source files copyright and LICENSE
[0.661s] -- Added test 'cppcheck' to perform static code analysis on C / C++ code
[0.661s] -- Configured cppcheck include dirs: /home/karol/turtlebot3_ws/src/TurtleBot-RRT-Star/include
[0.662s] -- Configured cppcheck exclude dirs and/or files: 
[0.663s] -- Added test 'cpplint' to check C / C++ code against the Google style
[0.663s] -- Configured cpplint exclude dirs and/or files: 
[0.664s] -- Added test 'lint_cmake' to check CMake code style
[0.666s] -- Added test 'uncrustify' to check C / C++ code style
[0.666s] -- Configured uncrustify additional arguments: 
[0.666s] -- Added test 'xmllint' to check XML markup files
[0.669s] -- Configuring done
[0.701s] -- Generating done
[0.706s] -- Build files have been written to: /home/karol/turtlebot3_ws/build/nav2_rrtstar_planner
[0.715s] Invoked command in '/home/karol/turtlebot3_ws/build/nav2_rrtstar_planner' returned '0': CMAKE_PREFIX_PATH=${CMAKE_PREFIX_PATH}:/opt/ros/humble /usr/bin/cmake /home/karol/turtlebot3_ws/src/TurtleBot-RRT-Star -DAMENT_CMAKE_SYMLINK_INSTALL=1 -DCMAKE_INSTALL_PREFIX=/home/karol/turtlebot3_ws/install/nav2_rrtstar_planner
[0.718s] Invoking command in '/home/karol/turtlebot3_ws/build/nav2_rrtstar_planner': CMAKE_PREFIX_PATH=${CMAKE_PREFIX_PATH}:/opt/ros/humble /usr/bin/cmake --build /home/karol/turtlebot3_ws/build/nav2_rrtstar_planner -- -j22 -l22
[0.803s] [ 50%] [32mBuilding CXX object CMakeFiles/nav2_rrtstar_planner_plugin.dir/src/rrtstar_planner.cpp.o[0m
[4.631s] [100%] [32m[1mLinking CXX shared library libnav2_rrtstar_planner_plugin.so[0m
[4.867s] [100%] Built target nav2_rrtstar_planner_plugin
[4.889s] Invoked command in '/home/karol/turtlebot3_ws/build/nav2_rrtstar_planner' returned '0': CMAKE_PREFIX_PATH=${CMAKE_PREFIX_PATH}:/opt/ros/humble /usr/bin/cmake --build /home/karol/turtlebot3_ws/build/nav2_rrtstar_planner -- -j22 -l22
[4.904s] Invoking command in '/home/karol/turtlebot3_ws/build/nav2_rrtstar_planner': CMAKE_PREFIX_PATH=${CMAKE_PREFIX_PATH}:/opt/ros/humble /usr/bin/cmake --install /home/karol/turtlebot3_ws/build/nav2_rrtstar_planner
[4.911s] -- Install configuration: ""
[4.912s] -- Execute custom install script
[4.912s] -- Symlinking: /home/karol/turtlebot3_ws/install/nav2_rrtstar_planner/share/nav2_rrtstar_planner//global_planner_plugin.xml
[4.922s] -- Symlinking: /home/karol/turtlebot3_ws/install/nav2_rrtstar_planner/lib/libnav2_rrtstar_planner_plugin.so
[4.931s] -- Symlinking: /home/karol/turtlebot3_ws/install/nav2_rrtstar_planner/include//nav2_rrtstar_planner/rrtstar_planner.hpp
[4.941s] -- Up-to-date symlink: /home/karol/turtlebot3_ws/install/nav2_rrtstar_planner/share/nav2_rrtstar_planner/global_planner_plugin.xml
[4.942s] -- Symlinking: /home/karol/turtlebot3_ws/install/nav2_rrtstar_planner/share/nav2_rrtstar_planner/environment/library_path.sh
[4.948s] -- Symlinking: /home/karol/turtlebot3_ws/install/nav2_rrtstar_planner/share/nav2_rrtstar_planner/environment/library_path.dsv
[4.957s] -- Symlinking: /home/karol/turtlebot3_ws/install/nav2_rrtstar_planner/share/ament_index/resource_index/package_run_dependencies/nav2_rrtstar_planner
[4.965s] -- Symlinking: /home/karol/turtlebot3_ws/install/nav2_rrtstar_planner/share/ament_index/resource_index/parent_prefix_path/nav2_rrtstar_planner
[4.975s] -- Symlinking: /home/karol/turtlebot3_ws/install/nav2_rrtstar_planner/share/nav2_rrtstar_planner/environment/ament_prefix_path.sh
[4.986s] -- Symlinking: /home/karol/turtlebot3_ws/install/nav2_rrtstar_planner/share/nav2_rrtstar_planner/environment/ament_prefix_path.dsv
[4.996s] -- Symlinking: /home/karol/turtlebot3_ws/install/nav2_rrtstar_planner/share/nav2_rrtstar_planner/environment/path.sh
[5.006s] -- Symlinking: /home/karol/turtlebot3_ws/install/nav2_rrtstar_planner/share/nav2_rrtstar_planner/environment/path.dsv
[5.016s] -- Symlinking: /home/karol/turtlebot3_ws/install/nav2_rrtstar_planner/share/nav2_rrtstar_planner/local_setup.bash
[5.023s] -- Symlinking: /home/karol/turtlebot3_ws/install/nav2_rrtstar_planner/share/nav2_rrtstar_planner/local_setup.sh
[5.033s] -- Symlinking: /home/karol/turtlebot3_ws/install/nav2_rrtstar_planner/share/nav2_rrtstar_planner/local_setup.zsh
[5.044s] -- Symlinking: /home/karol/turtlebot3_ws/install/nav2_rrtstar_planner/share/nav2_rrtstar_planner/local_setup.dsv
[5.057s] -- Symlinking: /home/karol/turtlebot3_ws/install/nav2_rrtstar_planner/share/nav2_rrtstar_planner/package.dsv
[5.068s] -- Symlinking: /home/karol/turtlebot3_ws/install/nav2_rrtstar_planner/share/ament_index/resource_index/packages/nav2_rrtstar_planner
[5.079s] -- Symlinking: /home/karol/turtlebot3_ws/install/nav2_rrtstar_planner/share/ament_index/resource_index/nav2_core__pluginlib__plugin/nav2_rrtstar_planner
[5.089s] -- Symlinking: /home/karol/turtlebot3_ws/install/nav2_rrtstar_planner/share/nav2_rrtstar_planner/cmake/ament_cmake_export_include_directories-extras.cmake
[5.099s] -- Symlinking: /home/karol/turtlebot3_ws/install/nav2_rrtstar_planner/share/nav2_rrtstar_planner/cmake/ament_cmake_export_libraries-extras.cmake
[5.107s] -- Symlinking: /home/karol/turtlebot3_ws/install/nav2_rrtstar_planner/share/nav2_rrtstar_planner/cmake/ament_cmake_export_dependencies-extras.cmake
[5.119s] -- Symlinking: /home/karol/turtlebot3_ws/install/nav2_rrtstar_planner/share/nav2_rrtstar_planner/cmake/nav2_rrtstar_plannerConfig.cmake
[5.126s] -- Symlinking: /home/karol/turtlebot3_ws/install/nav2_rrtstar_planner/share/nav2_rrtstar_planner/cmake/nav2_rrtstar_plannerConfig-version.cmake
[5.135s] -- Symlinking: /home/karol/turtlebot3_ws/install/nav2_rrtstar_planner/share/nav2_rrtstar_planner/package.xml
[5.150s] Invoked command in '/home/karol/turtlebot3_ws/build/nav2_rrtstar_planner' returned '0': CMAKE_PREFIX_PATH=${CMAKE_PREFIX_PATH}:/opt/ros/humble /usr/bin/cmake --install /home/karol/turtlebot3_ws/build/nav2_rrtstar_planner
