[0.060s] DEBUG:colcon:Command line arguments: ['/usr/bin/colcon', 'build', '--symlink-install']
[0.060s] DEBUG:colcon:Parsed command line arguments: Namespace(log_base=None, log_level=None, verb_name='build', build_base='build', install_base='install', merge_install=False, symlink_install=True, test_result_base=None, continue_on_error=False, executor='parallel', parallel_workers=22, event_handlers=None, ignore_user_meta=False, metas=['./colcon.meta'], base_paths=['.'], packages_ignore=None, packages_ignore_regex=None, paths=None, packages_up_to=None, packages_up_to_regex=None, packages_above=None, packages_above_and_dependencies=None, packages_above_depth=None, packages_select_by_dep=None, packages_skip_by_dep=None, packages_skip_up_to=None, packages_select_build_failed=False, packages_skip_build_finished=False, packages_select_test_failures=False, packages_skip_test_passed=False, packages_select=None, packages_skip=None, packages_select_regex=None, packages_skip_regex=None, packages_start=None, packages_end=None, allow_overriding=[], cmake_args=None, cmake_target=None, cmake_target_skip_unavailable=False, cmake_clean_cache=False, cmake_clean_first=False, cmake_force_configure=False, ament_cmake_args=None, catkin_cmake_args=None, catkin_skip_building_tests=False, verb_parser=<colcon_defaults.argument_parser.defaults.DefaultArgumentsDecorator object at 0x77d73d7152a0>, verb_extension=<colcon_core.verb.build.BuildVerb object at 0x77d73d714df0>, main=<bound method BuildVerb.main of <colcon_core.verb.build.BuildVerb object at 0x77d73d714df0>>)
[0.167s] Level 1:colcon.colcon_core.package_discovery:discover_packages(colcon_meta) check parameters
[0.168s] Level 1:colcon.colcon_core.package_discovery:discover_packages(recursive) check parameters
[0.168s] Level 1:colcon.colcon_core.package_discovery:discover_packages(ignore) check parameters
[0.168s] Level 1:colcon.colcon_core.package_discovery:discover_packages(path) check parameters
[0.168s] Level 1:colcon.colcon_core.package_discovery:discover_packages(colcon_meta) discover
[0.168s] Level 1:colcon.colcon_core.package_discovery:discover_packages(recursive) discover
[0.168s] INFO:colcon.colcon_core.package_discovery:Crawling recursively for packages in '/home/karol/turtlebot3_ws'
[0.168s] Level 1:colcon.colcon_core.package_identification:_identify(.) by extensions ['ignore', 'ignore_ament_install']
[0.168s] Level 1:colcon.colcon_core.package_identification:_identify(.) by extension 'ignore'
[0.168s] Level 1:colcon.colcon_core.package_identification:_identify(.) by extension 'ignore_ament_install'
[0.168s] Level 1:colcon.colcon_core.package_identification:_identify(.) by extensions ['colcon_pkg']
[0.168s] Level 1:colcon.colcon_core.package_identification:_identify(.) by extension 'colcon_pkg'
[0.168s] Level 1:colcon.colcon_core.package_identification:_identify(.) by extensions ['colcon_meta']
[0.168s] Level 1:colcon.colcon_core.package_identification:_identify(.) by extension 'colcon_meta'
[0.168s] Level 1:colcon.colcon_core.package_identification:_identify(.) by extensions ['ros']
[0.168s] Level 1:colcon.colcon_core.package_identification:_identify(.) by extension 'ros'
[0.175s] Level 1:colcon.colcon_core.package_identification:_identify(.) by extensions ['cmake', 'python']
[0.175s] Level 1:colcon.colcon_core.package_identification:_identify(.) by extension 'cmake'
[0.175s] Level 1:colcon.colcon_core.package_identification:_identify(.) by extension 'python'
[0.175s] Level 1:colcon.colcon_core.package_identification:_identify(.) by extensions ['python_setup_py']
[0.175s] Level 1:colcon.colcon_core.package_identification:_identify(.) by extension 'python_setup_py'
[0.176s] Level 1:colcon.colcon_core.package_identification:_identify(build) by extensions ['ignore', 'ignore_ament_install']
[0.176s] Level 1:colcon.colcon_core.package_identification:_identify(build) by extension 'ignore'
[0.176s] Level 1:colcon.colcon_core.package_identification:_identify(build) ignored
[0.176s] Level 1:colcon.colcon_core.package_identification:_identify(install) by extensions ['ignore', 'ignore_ament_install']
[0.176s] Level 1:colcon.colcon_core.package_identification:_identify(install) by extension 'ignore'
[0.176s] Level 1:colcon.colcon_core.package_identification:_identify(install) ignored
[0.176s] Level 1:colcon.colcon_core.package_identification:_identify(log) by extensions ['ignore', 'ignore_ament_install']
[0.176s] Level 1:colcon.colcon_core.package_identification:_identify(log) by extension 'ignore'
[0.176s] Level 1:colcon.colcon_core.package_identification:_identify(log) ignored
[0.176s] Level 1:colcon.colcon_core.package_identification:_identify(src) by extensions ['ignore', 'ignore_ament_install']
[0.176s] Level 1:colcon.colcon_core.package_identification:_identify(src) by extension 'ignore'
[0.176s] Level 1:colcon.colcon_core.package_identification:_identify(src) by extension 'ignore_ament_install'
[0.176s] Level 1:colcon.colcon_core.package_identification:_identify(src) by extensions ['colcon_pkg']
[0.176s] Level 1:colcon.colcon_core.package_identification:_identify(src) by extension 'colcon_pkg'
[0.176s] Level 1:colcon.colcon_core.package_identification:_identify(src) by extensions ['colcon_meta']
[0.176s] Level 1:colcon.colcon_core.package_identification:_identify(src) by extension 'colcon_meta'
[0.176s] Level 1:colcon.colcon_core.package_identification:_identify(src) by extensions ['ros']
[0.176s] Level 1:colcon.colcon_core.package_identification:_identify(src) by extension 'ros'
[0.176s] Level 1:colcon.colcon_core.package_identification:_identify(src) by extensions ['cmake', 'python']
[0.176s] Level 1:colcon.colcon_core.package_identification:_identify(src) by extension 'cmake'
[0.176s] Level 1:colcon.colcon_core.package_identification:_identify(src) by extension 'python'
[0.176s] Level 1:colcon.colcon_core.package_identification:_identify(src) by extensions ['python_setup_py']
[0.176s] Level 1:colcon.colcon_core.package_identification:_identify(src) by extension 'python_setup_py'
[0.176s] Level 1:colcon.colcon_core.package_identification:_identify(src/TurtleBot-RRT-Star) by extensions ['ignore', 'ignore_ament_install']
[0.176s] Level 1:colcon.colcon_core.package_identification:_identify(src/TurtleBot-RRT-Star) by extension 'ignore'
[0.176s] Level 1:colcon.colcon_core.package_identification:_identify(src/TurtleBot-RRT-Star) by extension 'ignore_ament_install'
[0.176s] Level 1:colcon.colcon_core.package_identification:_identify(src/TurtleBot-RRT-Star) by extensions ['colcon_pkg']
[0.176s] Level 1:colcon.colcon_core.package_identification:_identify(src/TurtleBot-RRT-Star) by extension 'colcon_pkg'
[0.176s] Level 1:colcon.colcon_core.package_identification:_identify(src/TurtleBot-RRT-Star) by extensions ['colcon_meta']
[0.176s] Level 1:colcon.colcon_core.package_identification:_identify(src/TurtleBot-RRT-Star) by extension 'colcon_meta'
[0.176s] Level 1:colcon.colcon_core.package_identification:_identify(src/TurtleBot-RRT-Star) by extensions ['ros']
[0.176s] Level 1:colcon.colcon_core.package_identification:_identify(src/TurtleBot-RRT-Star) by extension 'ros'
[0.179s] DEBUG:colcon.colcon_core.package_identification:Package 'src/TurtleBot-RRT-Star' with type 'ros.ament_cmake' and name 'nav2_rrtstar_planner'
[0.179s] Level 1:colcon.colcon_core.package_identification:_identify(src/turtlebot3_simulations) by extensions ['ignore', 'ignore_ament_install']
[0.179s] Level 1:colcon.colcon_core.package_identification:_identify(src/turtlebot3_simulations) by extension 'ignore'
[0.179s] Level 1:colcon.colcon_core.package_identification:_identify(src/turtlebot3_simulations) by extension 'ignore_ament_install'
[0.179s] Level 1:colcon.colcon_core.package_identification:_identify(src/turtlebot3_simulations) by extensions ['colcon_pkg']
[0.179s] Level 1:colcon.colcon_core.package_identification:_identify(src/turtlebot3_simulations) by extension 'colcon_pkg'
[0.179s] Level 1:colcon.colcon_core.package_identification:_identify(src/turtlebot3_simulations) by extensions ['colcon_meta']
[0.180s] Level 1:colcon.colcon_core.package_identification:_identify(src/turtlebot3_simulations) by extension 'colcon_meta'
[0.180s] Level 1:colcon.colcon_core.package_identification:_identify(src/turtlebot3_simulations) by extensions ['ros']
[0.180s] Level 1:colcon.colcon_core.package_identification:_identify(src/turtlebot3_simulations) by extension 'ros'
[0.180s] Level 1:colcon.colcon_core.package_identification:_identify(src/turtlebot3_simulations) by extensions ['cmake', 'python']
[0.180s] Level 1:colcon.colcon_core.package_identification:_identify(src/turtlebot3_simulations) by extension 'cmake'
[0.180s] Level 1:colcon.colcon_core.package_identification:_identify(src/turtlebot3_simulations) by extension 'python'
[0.180s] Level 1:colcon.colcon_core.package_identification:_identify(src/turtlebot3_simulations) by extensions ['python_setup_py']
[0.180s] Level 1:colcon.colcon_core.package_identification:_identify(src/turtlebot3_simulations) by extension 'python_setup_py'
[0.180s] Level 1:colcon.colcon_core.package_identification:_identify(src/turtlebot3_simulations/turtlebot3_fake_node) by extensions ['ignore', 'ignore_ament_install']
[0.180s] Level 1:colcon.colcon_core.package_identification:_identify(src/turtlebot3_simulations/turtlebot3_fake_node) by extension 'ignore'
[0.180s] Level 1:colcon.colcon_core.package_identification:_identify(src/turtlebot3_simulations/turtlebot3_fake_node) by extension 'ignore_ament_install'
[0.180s] Level 1:colcon.colcon_core.package_identification:_identify(src/turtlebot3_simulations/turtlebot3_fake_node) by extensions ['colcon_pkg']
[0.180s] Level 1:colcon.colcon_core.package_identification:_identify(src/turtlebot3_simulations/turtlebot3_fake_node) by extension 'colcon_pkg'
[0.180s] Level 1:colcon.colcon_core.package_identification:_identify(src/turtlebot3_simulations/turtlebot3_fake_node) by extensions ['colcon_meta']
[0.180s] Level 1:colcon.colcon_core.package_identification:_identify(src/turtlebot3_simulations/turtlebot3_fake_node) by extension 'colcon_meta'
[0.180s] Level 1:colcon.colcon_core.package_identification:_identify(src/turtlebot3_simulations/turtlebot3_fake_node) by extensions ['ros']
[0.180s] Level 1:colcon.colcon_core.package_identification:_identify(src/turtlebot3_simulations/turtlebot3_fake_node) by extension 'ros'
[0.187s] DEBUG:colcon.colcon_core.package_identification:Package 'src/turtlebot3_simulations/turtlebot3_fake_node' with type 'ros.ament_cmake' and name 'turtlebot3_fake_node'
[0.187s] Level 1:colcon.colcon_core.package_identification:_identify(src/turtlebot3_simulations/turtlebot3_gazebo) by extensions ['ignore', 'ignore_ament_install']
[0.187s] Level 1:colcon.colcon_core.package_identification:_identify(src/turtlebot3_simulations/turtlebot3_gazebo) by extension 'ignore'
[0.187s] Level 1:colcon.colcon_core.package_identification:_identify(src/turtlebot3_simulations/turtlebot3_gazebo) by extension 'ignore_ament_install'
[0.187s] Level 1:colcon.colcon_core.package_identification:_identify(src/turtlebot3_simulations/turtlebot3_gazebo) by extensions ['colcon_pkg']
[0.187s] Level 1:colcon.colcon_core.package_identification:_identify(src/turtlebot3_simulations/turtlebot3_gazebo) by extension 'colcon_pkg'
[0.187s] Level 1:colcon.colcon_core.package_identification:_identify(src/turtlebot3_simulations/turtlebot3_gazebo) by extensions ['colcon_meta']
[0.187s] Level 1:colcon.colcon_core.package_identification:_identify(src/turtlebot3_simulations/turtlebot3_gazebo) by extension 'colcon_meta'
[0.187s] Level 1:colcon.colcon_core.package_identification:_identify(src/turtlebot3_simulations/turtlebot3_gazebo) by extensions ['ros']
[0.187s] Level 1:colcon.colcon_core.package_identification:_identify(src/turtlebot3_simulations/turtlebot3_gazebo) by extension 'ros'
[0.188s] DEBUG:colcon.colcon_core.package_identification:Package 'src/turtlebot3_simulations/turtlebot3_gazebo' with type 'ros.ament_cmake' and name 'turtlebot3_gazebo'
[0.188s] Level 1:colcon.colcon_core.package_identification:_identify(src/turtlebot3_simulations/turtlebot3_simulations) by extensions ['ignore', 'ignore_ament_install']
[0.188s] Level 1:colcon.colcon_core.package_identification:_identify(src/turtlebot3_simulations/turtlebot3_simulations) by extension 'ignore'
[0.188s] Level 1:colcon.colcon_core.package_identification:_identify(src/turtlebot3_simulations/turtlebot3_simulations) by extension 'ignore_ament_install'
[0.188s] Level 1:colcon.colcon_core.package_identification:_identify(src/turtlebot3_simulations/turtlebot3_simulations) by extensions ['colcon_pkg']
[0.188s] Level 1:colcon.colcon_core.package_identification:_identify(src/turtlebot3_simulations/turtlebot3_simulations) by extension 'colcon_pkg'
[0.188s] Level 1:colcon.colcon_core.package_identification:_identify(src/turtlebot3_simulations/turtlebot3_simulations) by extensions ['colcon_meta']
[0.188s] Level 1:colcon.colcon_core.package_identification:_identify(src/turtlebot3_simulations/turtlebot3_simulations) by extension 'colcon_meta'
[0.188s] Level 1:colcon.colcon_core.package_identification:_identify(src/turtlebot3_simulations/turtlebot3_simulations) by extensions ['ros']
[0.188s] Level 1:colcon.colcon_core.package_identification:_identify(src/turtlebot3_simulations/turtlebot3_simulations) by extension 'ros'
[0.189s] DEBUG:colcon.colcon_core.package_identification:Package 'src/turtlebot3_simulations/turtlebot3_simulations' with type 'ros.ament_cmake' and name 'turtlebot3_simulations'
[0.189s] Level 1:colcon.colcon_core.package_discovery:discover_packages(recursive) using defaults
[0.189s] Level 1:colcon.colcon_core.package_discovery:discover_packages(ignore) discover
[0.189s] Level 1:colcon.colcon_core.package_discovery:discover_packages(ignore) using defaults
[0.189s] Level 1:colcon.colcon_core.package_discovery:discover_packages(path) discover
[0.189s] Level 1:colcon.colcon_core.package_discovery:discover_packages(path) using defaults
[0.201s] Level 1:colcon.colcon_core.package_discovery:discover_packages(prefix_path) check parameters
[0.201s] Level 1:colcon.colcon_core.package_discovery:discover_packages(prefix_path) discover
[0.202s] DEBUG:colcon.colcon_installed_package_information.package_discovery:Found 4 installed packages in /home/karol/turtlebot3_ws/install
[0.203s] DEBUG:colcon.colcon_installed_package_information.package_discovery:Found 1 installed packages in /home/karol/ITB/URO/KRAI/ros2_learn/urdf_example/install
[0.203s] DEBUG:colcon.colcon_installed_package_information.package_discovery:Found 10 installed packages in /home/karol/ITB/URO/KRAI/nebula/nebula-ws/install
[0.204s] DEBUG:colcon.colcon_installed_package_information.package_discovery:Found 336 installed packages in /opt/ros/humble
[0.205s] Level 1:colcon.colcon_core.package_discovery:discover_packages(prefix_path) using defaults
[0.229s] Level 5:colcon.colcon_core.verb:set package 'nav2_rrtstar_planner' build argument 'cmake_args' from command line to 'None'
[0.229s] Level 5:colcon.colcon_core.verb:set package 'nav2_rrtstar_planner' build argument 'cmake_target' from command line to 'None'
[0.229s] Level 5:colcon.colcon_core.verb:set package 'nav2_rrtstar_planner' build argument 'cmake_target_skip_unavailable' from command line to 'False'
[0.229s] Level 5:colcon.colcon_core.verb:set package 'nav2_rrtstar_planner' build argument 'cmake_clean_cache' from command line to 'False'
[0.229s] Level 5:colcon.colcon_core.verb:set package 'nav2_rrtstar_planner' build argument 'cmake_clean_first' from command line to 'False'
[0.229s] Level 5:colcon.colcon_core.verb:set package 'nav2_rrtstar_planner' build argument 'cmake_force_configure' from command line to 'False'
[0.229s] Level 5:colcon.colcon_core.verb:set package 'nav2_rrtstar_planner' build argument 'ament_cmake_args' from command line to 'None'
[0.229s] Level 5:colcon.colcon_core.verb:set package 'nav2_rrtstar_planner' build argument 'catkin_cmake_args' from command line to 'None'
[0.229s] Level 5:colcon.colcon_core.verb:set package 'nav2_rrtstar_planner' build argument 'catkin_skip_building_tests' from command line to 'False'
[0.229s] DEBUG:colcon.colcon_core.verb:Building package 'nav2_rrtstar_planner' with the following arguments: {'ament_cmake_args': None, 'build_base': '/home/karol/turtlebot3_ws/build/nav2_rrtstar_planner', 'catkin_cmake_args': None, 'catkin_skip_building_tests': False, 'cmake_args': None, 'cmake_clean_cache': False, 'cmake_clean_first': False, 'cmake_force_configure': False, 'cmake_target': None, 'cmake_target_skip_unavailable': False, 'install_base': '/home/karol/turtlebot3_ws/install/nav2_rrtstar_planner', 'merge_install': False, 'path': '/home/karol/turtlebot3_ws/src/TurtleBot-RRT-Star', 'symlink_install': True, 'test_result_base': None}
[0.229s] Level 5:colcon.colcon_core.verb:set package 'turtlebot3_fake_node' build argument 'cmake_args' from command line to 'None'
[0.230s] Level 5:colcon.colcon_core.verb:set package 'turtlebot3_fake_node' build argument 'cmake_target' from command line to 'None'
[0.230s] Level 5:colcon.colcon_core.verb:set package 'turtlebot3_fake_node' build argument 'cmake_target_skip_unavailable' from command line to 'False'
[0.230s] Level 5:colcon.colcon_core.verb:set package 'turtlebot3_fake_node' build argument 'cmake_clean_cache' from command line to 'False'
[0.230s] Level 5:colcon.colcon_core.verb:set package 'turtlebot3_fake_node' build argument 'cmake_clean_first' from command line to 'False'
[0.230s] Level 5:colcon.colcon_core.verb:set package 'turtlebot3_fake_node' build argument 'cmake_force_configure' from command line to 'False'
[0.230s] Level 5:colcon.colcon_core.verb:set package 'turtlebot3_fake_node' build argument 'ament_cmake_args' from command line to 'None'
[0.230s] Level 5:colcon.colcon_core.verb:set package 'turtlebot3_fake_node' build argument 'catkin_cmake_args' from command line to 'None'
[0.230s] Level 5:colcon.colcon_core.verb:set package 'turtlebot3_fake_node' build argument 'catkin_skip_building_tests' from command line to 'False'
[0.230s] DEBUG:colcon.colcon_core.verb:Building package 'turtlebot3_fake_node' with the following arguments: {'ament_cmake_args': None, 'build_base': '/home/karol/turtlebot3_ws/build/turtlebot3_fake_node', 'catkin_cmake_args': None, 'catkin_skip_building_tests': False, 'cmake_args': None, 'cmake_clean_cache': False, 'cmake_clean_first': False, 'cmake_force_configure': False, 'cmake_target': None, 'cmake_target_skip_unavailable': False, 'install_base': '/home/karol/turtlebot3_ws/install/turtlebot3_fake_node', 'merge_install': False, 'path': '/home/karol/turtlebot3_ws/src/turtlebot3_simulations/turtlebot3_fake_node', 'symlink_install': True, 'test_result_base': None}
[0.230s] Level 5:colcon.colcon_core.verb:set package 'turtlebot3_gazebo' build argument 'cmake_args' from command line to 'None'
[0.230s] Level 5:colcon.colcon_core.verb:set package 'turtlebot3_gazebo' build argument 'cmake_target' from command line to 'None'
[0.230s] Level 5:colcon.colcon_core.verb:set package 'turtlebot3_gazebo' build argument 'cmake_target_skip_unavailable' from command line to 'False'
[0.230s] Level 5:colcon.colcon_core.verb:set package 'turtlebot3_gazebo' build argument 'cmake_clean_cache' from command line to 'False'
[0.230s] Level 5:colcon.colcon_core.verb:set package 'turtlebot3_gazebo' build argument 'cmake_clean_first' from command line to 'False'
[0.230s] Level 5:colcon.colcon_core.verb:set package 'turtlebot3_gazebo' build argument 'cmake_force_configure' from command line to 'False'
[0.230s] Level 5:colcon.colcon_core.verb:set package 'turtlebot3_gazebo' build argument 'ament_cmake_args' from command line to 'None'
[0.230s] Level 5:colcon.colcon_core.verb:set package 'turtlebot3_gazebo' build argument 'catkin_cmake_args' from command line to 'None'
[0.230s] Level 5:colcon.colcon_core.verb:set package 'turtlebot3_gazebo' build argument 'catkin_skip_building_tests' from command line to 'False'
[0.230s] DEBUG:colcon.colcon_core.verb:Building package 'turtlebot3_gazebo' with the following arguments: {'ament_cmake_args': None, 'build_base': '/home/karol/turtlebot3_ws/build/turtlebot3_gazebo', 'catkin_cmake_args': None, 'catkin_skip_building_tests': False, 'cmake_args': None, 'cmake_clean_cache': False, 'cmake_clean_first': False, 'cmake_force_configure': False, 'cmake_target': None, 'cmake_target_skip_unavailable': False, 'install_base': '/home/karol/turtlebot3_ws/install/turtlebot3_gazebo', 'merge_install': False, 'path': '/home/karol/turtlebot3_ws/src/turtlebot3_simulations/turtlebot3_gazebo', 'symlink_install': True, 'test_result_base': None}
[0.230s] Level 5:colcon.colcon_core.verb:set package 'turtlebot3_simulations' build argument 'cmake_args' from command line to 'None'
[0.230s] Level 5:colcon.colcon_core.verb:set package 'turtlebot3_simulations' build argument 'cmake_target' from command line to 'None'
[0.230s] Level 5:colcon.colcon_core.verb:set package 'turtlebot3_simulations' build argument 'cmake_target_skip_unavailable' from command line to 'False'
[0.230s] Level 5:colcon.colcon_core.verb:set package 'turtlebot3_simulations' build argument 'cmake_clean_cache' from command line to 'False'
[0.230s] Level 5:colcon.colcon_core.verb:set package 'turtlebot3_simulations' build argument 'cmake_clean_first' from command line to 'False'
[0.230s] Level 5:colcon.colcon_core.verb:set package 'turtlebot3_simulations' build argument 'cmake_force_configure' from command line to 'False'
[0.230s] Level 5:colcon.colcon_core.verb:set package 'turtlebot3_simulations' build argument 'ament_cmake_args' from command line to 'None'
[0.230s] Level 5:colcon.colcon_core.verb:set package 'turtlebot3_simulations' build argument 'catkin_cmake_args' from command line to 'None'
[0.230s] Level 5:colcon.colcon_core.verb:set package 'turtlebot3_simulations' build argument 'catkin_skip_building_tests' from command line to 'False'
[0.230s] DEBUG:colcon.colcon_core.verb:Building package 'turtlebot3_simulations' with the following arguments: {'ament_cmake_args': None, 'build_base': '/home/karol/turtlebot3_ws/build/turtlebot3_simulations', 'catkin_cmake_args': None, 'catkin_skip_building_tests': False, 'cmake_args': None, 'cmake_clean_cache': False, 'cmake_clean_first': False, 'cmake_force_configure': False, 'cmake_target': None, 'cmake_target_skip_unavailable': False, 'install_base': '/home/karol/turtlebot3_ws/install/turtlebot3_simulations', 'merge_install': False, 'path': '/home/karol/turtlebot3_ws/src/turtlebot3_simulations/turtlebot3_simulations', 'symlink_install': True, 'test_result_base': None}
[0.230s] INFO:colcon.colcon_core.executor:Executing jobs using 'parallel' executor
[0.232s] DEBUG:colcon.colcon_parallel_executor.executor.parallel:run_until_complete
[0.232s] INFO:colcon.colcon_ros.task.ament_cmake.build:Building ROS package in '/home/karol/turtlebot3_ws/src/turtlebot3_simulations/turtlebot3_fake_node' with build type 'ament_cmake'
[0.233s] INFO:colcon.colcon_cmake.task.cmake.build:Building CMake package in '/home/karol/turtlebot3_ws/src/turtlebot3_simulations/turtlebot3_fake_node'
[0.235s] INFO:colcon.colcon_core.plugin_system:Skipping extension 'colcon_core.shell.bat': Not used on non-Windows systems
[0.235s] INFO:colcon.colcon_core.shell:Skip shell extension 'powershell' for command environment: Not usable outside of PowerShell
[0.235s] DEBUG:colcon.colcon_core.shell:Skip shell extension 'dsv' for command environment
[0.238s] INFO:colcon.colcon_ros.task.ament_cmake.build:Building ROS package in '/home/karol/turtlebot3_ws/src/turtlebot3_simulations/turtlebot3_gazebo' with build type 'ament_cmake'
[0.238s] INFO:colcon.colcon_cmake.task.cmake.build:Building CMake package in '/home/karol/turtlebot3_ws/src/turtlebot3_simulations/turtlebot3_gazebo'
[0.238s] INFO:colcon.colcon_core.shell:Skip shell extension 'powershell' for command environment: Not usable outside of PowerShell
[0.238s] DEBUG:colcon.colcon_core.shell:Skip shell extension 'dsv' for command environment
[0.241s] INFO:colcon.colcon_ros.task.ament_cmake.build:Building ROS package in '/home/karol/turtlebot3_ws/src/TurtleBot-RRT-Star' with build type 'ament_cmake'
[0.241s] INFO:colcon.colcon_cmake.task.cmake.build:Building CMake package in '/home/karol/turtlebot3_ws/src/TurtleBot-RRT-Star'
[0.242s] INFO:colcon.colcon_core.shell:Skip shell extension 'powershell' for command environment: Not usable outside of PowerShell
[0.242s] DEBUG:colcon.colcon_core.shell:Skip shell extension 'dsv' for command environment
[0.251s] DEBUG:colcon.colcon_core.event_handler.log_command:Invoking command in '/home/karol/turtlebot3_ws/build/turtlebot3_fake_node': CMAKE_PREFIX_PATH=${CMAKE_PREFIX_PATH}:/opt/ros/humble /usr/bin/cmake --build /home/karol/turtlebot3_ws/build/turtlebot3_fake_node -- -j22 -l22
[0.254s] DEBUG:colcon.colcon_core.event_handler.log_command:Invoking command in '/home/karol/turtlebot3_ws/build/turtlebot3_gazebo': CMAKE_PREFIX_PATH=${CMAKE_PREFIX_PATH}:/opt/ros/humble /usr/bin/cmake --build /home/karol/turtlebot3_ws/build/turtlebot3_gazebo -- -j22 -l22
[0.258s] DEBUG:colcon.colcon_core.event_handler.log_command:Invoking command in '/home/karol/turtlebot3_ws/build/nav2_rrtstar_planner': CMAKE_PREFIX_PATH=${CMAKE_PREFIX_PATH}:/opt/ros/humble /usr/bin/cmake --build /home/karol/turtlebot3_ws/build/nav2_rrtstar_planner -- -j22 -l22
[0.311s] DEBUG:colcon.colcon_core.event_handler.log_command:Invoked command in '/home/karol/turtlebot3_ws/build/turtlebot3_fake_node' returned '0': CMAKE_PREFIX_PATH=${CMAKE_PREFIX_PATH}:/opt/ros/humble /usr/bin/cmake --build /home/karol/turtlebot3_ws/build/turtlebot3_fake_node -- -j22 -l22
[0.323s] DEBUG:colcon.colcon_core.event_handler.log_command:Invoking command in '/home/karol/turtlebot3_ws/build/turtlebot3_fake_node': CMAKE_PREFIX_PATH=${CMAKE_PREFIX_PATH}:/opt/ros/humble /usr/bin/cmake --install /home/karol/turtlebot3_ws/build/turtlebot3_fake_node
[0.333s] DEBUG:colcon.colcon_core.event_handler.log_command:Invoked command in '/home/karol/turtlebot3_ws/build/turtlebot3_gazebo' returned '0': CMAKE_PREFIX_PATH=${CMAKE_PREFIX_PATH}:/opt/ros/humble /usr/bin/cmake --build /home/karol/turtlebot3_ws/build/turtlebot3_gazebo -- -j22 -l22
[0.336s] DEBUG:colcon.colcon_core.event_handler.log_command:Invoking command in '/home/karol/turtlebot3_ws/build/turtlebot3_gazebo': CMAKE_PREFIX_PATH=${CMAKE_PREFIX_PATH}:/opt/ros/humble /usr/bin/cmake --install /home/karol/turtlebot3_ws/build/turtlebot3_gazebo
[0.354s] Level 1:colcon.colcon_core.environment:create_environment_scripts_only(turtlebot3_fake_node)
[0.358s] DEBUG:colcon.colcon_core.event_handler.log_command:Invoked command in '/home/karol/turtlebot3_ws/build/turtlebot3_fake_node' returned '0': CMAKE_PREFIX_PATH=${CMAKE_PREFIX_PATH}:/opt/ros/humble /usr/bin/cmake --install /home/karol/turtlebot3_ws/build/turtlebot3_fake_node
[0.361s] Level 1:colcon.colcon_core.environment:checking '/home/karol/turtlebot3_ws/install/turtlebot3_fake_node' for CMake module files
[0.361s] Level 1:colcon.colcon_core.environment:checking '/home/karol/turtlebot3_ws/install/turtlebot3_fake_node' for CMake config files
[0.361s] Level 1:colcon.colcon_core.shell:create_environment_hook('turtlebot3_fake_node', 'cmake_prefix_path')
[0.362s] INFO:colcon.colcon_core.shell:Creating environment hook '/home/karol/turtlebot3_ws/install/turtlebot3_fake_node/share/turtlebot3_fake_node/hook/cmake_prefix_path.ps1'
[0.363s] INFO:colcon.colcon_core.shell:Creating environment descriptor '/home/karol/turtlebot3_ws/install/turtlebot3_fake_node/share/turtlebot3_fake_node/hook/cmake_prefix_path.dsv'
[0.364s] INFO:colcon.colcon_core.shell:Creating environment hook '/home/karol/turtlebot3_ws/install/turtlebot3_fake_node/share/turtlebot3_fake_node/hook/cmake_prefix_path.sh'
[0.365s] Level 1:colcon.colcon_core.environment:checking '/home/karol/turtlebot3_ws/install/turtlebot3_fake_node/lib'
[0.366s] Level 1:colcon.colcon_core.environment:checking '/home/karol/turtlebot3_ws/install/turtlebot3_fake_node/bin'
[0.366s] Level 1:colcon.colcon_core.environment:checking '/home/karol/turtlebot3_ws/install/turtlebot3_fake_node/lib/pkgconfig/turtlebot3_fake_node.pc'
[0.366s] Level 1:colcon.colcon_core.environment:checking '/home/karol/turtlebot3_ws/install/turtlebot3_fake_node/lib/python3.10/site-packages'
[0.366s] Level 1:colcon.colcon_core.environment:checking '/home/karol/turtlebot3_ws/install/turtlebot3_fake_node/bin'
[0.367s] INFO:colcon.colcon_core.shell:Creating package script '/home/karol/turtlebot3_ws/install/turtlebot3_fake_node/share/turtlebot3_fake_node/package.ps1'
[0.368s] INFO:colcon.colcon_core.shell:Creating package descriptor '/home/karol/turtlebot3_ws/install/turtlebot3_fake_node/share/turtlebot3_fake_node/package.dsv'
[0.369s] INFO:colcon.colcon_core.shell:Creating package script '/home/karol/turtlebot3_ws/install/turtlebot3_fake_node/share/turtlebot3_fake_node/package.sh'
[0.370s] INFO:colcon.colcon_core.shell:Creating package script '/home/karol/turtlebot3_ws/install/turtlebot3_fake_node/share/turtlebot3_fake_node/package.bash'
[0.371s] INFO:colcon.colcon_core.shell:Creating package script '/home/karol/turtlebot3_ws/install/turtlebot3_fake_node/share/turtlebot3_fake_node/package.zsh'
[0.371s] Level 1:colcon.colcon_core.environment:create_file_with_runtime_dependencies(/home/karol/turtlebot3_ws/install/turtlebot3_fake_node/share/colcon-core/packages/turtlebot3_fake_node)
[0.372s] Level 1:colcon.colcon_core.environment:create_environment_scripts_only(turtlebot3_fake_node)
[0.372s] Level 1:colcon.colcon_core.environment:checking '/home/karol/turtlebot3_ws/install/turtlebot3_fake_node' for CMake module files
[0.372s] Level 1:colcon.colcon_core.environment:checking '/home/karol/turtlebot3_ws/install/turtlebot3_fake_node' for CMake config files
[0.372s] Level 1:colcon.colcon_core.shell:create_environment_hook('turtlebot3_fake_node', 'cmake_prefix_path')
[0.372s] INFO:colcon.colcon_core.shell:Creating environment hook '/home/karol/turtlebot3_ws/install/turtlebot3_fake_node/share/turtlebot3_fake_node/hook/cmake_prefix_path.ps1'
[0.373s] INFO:colcon.colcon_core.shell:Creating environment descriptor '/home/karol/turtlebot3_ws/install/turtlebot3_fake_node/share/turtlebot3_fake_node/hook/cmake_prefix_path.dsv'
[0.373s] INFO:colcon.colcon_core.shell:Creating environment hook '/home/karol/turtlebot3_ws/install/turtlebot3_fake_node/share/turtlebot3_fake_node/hook/cmake_prefix_path.sh'
[0.373s] Level 1:colcon.colcon_core.environment:checking '/home/karol/turtlebot3_ws/install/turtlebot3_fake_node/lib'
[0.374s] Level 1:colcon.colcon_core.environment:checking '/home/karol/turtlebot3_ws/install/turtlebot3_fake_node/bin'
[0.374s] Level 1:colcon.colcon_core.environment:checking '/home/karol/turtlebot3_ws/install/turtlebot3_fake_node/lib/pkgconfig/turtlebot3_fake_node.pc'
[0.374s] Level 1:colcon.colcon_core.environment:checking '/home/karol/turtlebot3_ws/install/turtlebot3_fake_node/lib/python3.10/site-packages'
[0.374s] Level 1:colcon.colcon_core.environment:checking '/home/karol/turtlebot3_ws/install/turtlebot3_fake_node/bin'
[0.374s] INFO:colcon.colcon_core.shell:Creating package script '/home/karol/turtlebot3_ws/install/turtlebot3_fake_node/share/turtlebot3_fake_node/package.ps1'
[0.374s] INFO:colcon.colcon_core.shell:Creating package descriptor '/home/karol/turtlebot3_ws/install/turtlebot3_fake_node/share/turtlebot3_fake_node/package.dsv'
[0.375s] INFO:colcon.colcon_core.shell:Creating package script '/home/karol/turtlebot3_ws/install/turtlebot3_fake_node/share/turtlebot3_fake_node/package.sh'
[0.375s] INFO:colcon.colcon_core.shell:Creating package script '/home/karol/turtlebot3_ws/install/turtlebot3_fake_node/share/turtlebot3_fake_node/package.bash'
[0.375s] INFO:colcon.colcon_core.shell:Creating package script '/home/karol/turtlebot3_ws/install/turtlebot3_fake_node/share/turtlebot3_fake_node/package.zsh'
[0.376s] Level 1:colcon.colcon_core.environment:create_file_with_runtime_dependencies(/home/karol/turtlebot3_ws/install/turtlebot3_fake_node/share/colcon-core/packages/turtlebot3_fake_node)
[0.377s] Level 1:colcon.colcon_core.environment:create_environment_scripts_only(turtlebot3_gazebo)
[0.377s] Level 1:colcon.colcon_core.environment:checking '/home/karol/turtlebot3_ws/install/turtlebot3_gazebo' for CMake module files
[0.377s] DEBUG:colcon.colcon_core.event_handler.log_command:Invoked command in '/home/karol/turtlebot3_ws/build/turtlebot3_gazebo' returned '0': CMAKE_PREFIX_PATH=${CMAKE_PREFIX_PATH}:/opt/ros/humble /usr/bin/cmake --install /home/karol/turtlebot3_ws/build/turtlebot3_gazebo
[0.378s] Level 1:colcon.colcon_core.environment:checking '/home/karol/turtlebot3_ws/install/turtlebot3_gazebo' for CMake config files
[0.378s] Level 1:colcon.colcon_core.shell:create_environment_hook('turtlebot3_gazebo', 'cmake_prefix_path')
[0.378s] INFO:colcon.colcon_core.shell:Creating environment hook '/home/karol/turtlebot3_ws/install/turtlebot3_gazebo/share/turtlebot3_gazebo/hook/cmake_prefix_path.ps1'
[0.379s] INFO:colcon.colcon_core.shell:Creating environment descriptor '/home/karol/turtlebot3_ws/install/turtlebot3_gazebo/share/turtlebot3_gazebo/hook/cmake_prefix_path.dsv'
[0.379s] INFO:colcon.colcon_core.shell:Creating environment hook '/home/karol/turtlebot3_ws/install/turtlebot3_gazebo/share/turtlebot3_gazebo/hook/cmake_prefix_path.sh'
[0.380s] Level 1:colcon.colcon_core.environment:checking '/home/karol/turtlebot3_ws/install/turtlebot3_gazebo/lib'
[0.380s] Level 1:colcon.colcon_core.environment:checking '/home/karol/turtlebot3_ws/install/turtlebot3_gazebo/bin'
[0.380s] Level 1:colcon.colcon_core.environment:checking '/home/karol/turtlebot3_ws/install/turtlebot3_gazebo/lib/pkgconfig/turtlebot3_gazebo.pc'
[0.380s] Level 1:colcon.colcon_core.environment:checking '/home/karol/turtlebot3_ws/install/turtlebot3_gazebo/lib/python3.10/site-packages'
[0.380s] Level 1:colcon.colcon_core.environment:checking '/home/karol/turtlebot3_ws/install/turtlebot3_gazebo/bin'
[0.380s] INFO:colcon.colcon_core.shell:Creating package script '/home/karol/turtlebot3_ws/install/turtlebot3_gazebo/share/turtlebot3_gazebo/package.ps1'
[0.381s] INFO:colcon.colcon_core.shell:Creating package descriptor '/home/karol/turtlebot3_ws/install/turtlebot3_gazebo/share/turtlebot3_gazebo/package.dsv'
[0.381s] INFO:colcon.colcon_core.shell:Creating package script '/home/karol/turtlebot3_ws/install/turtlebot3_gazebo/share/turtlebot3_gazebo/package.sh'
[0.381s] INFO:colcon.colcon_core.shell:Creating package script '/home/karol/turtlebot3_ws/install/turtlebot3_gazebo/share/turtlebot3_gazebo/package.bash'
[0.382s] INFO:colcon.colcon_core.shell:Creating package script '/home/karol/turtlebot3_ws/install/turtlebot3_gazebo/share/turtlebot3_gazebo/package.zsh'
[0.382s] Level 1:colcon.colcon_core.environment:create_file_with_runtime_dependencies(/home/karol/turtlebot3_ws/install/turtlebot3_gazebo/share/colcon-core/packages/turtlebot3_gazebo)
[0.382s] Level 1:colcon.colcon_core.environment:create_environment_scripts_only(turtlebot3_gazebo)
[0.382s] Level 1:colcon.colcon_core.environment:checking '/home/karol/turtlebot3_ws/install/turtlebot3_gazebo' for CMake module files
[0.383s] Level 1:colcon.colcon_core.environment:checking '/home/karol/turtlebot3_ws/install/turtlebot3_gazebo' for CMake config files
[0.383s] Level 1:colcon.colcon_core.shell:create_environment_hook('turtlebot3_gazebo', 'cmake_prefix_path')
[0.383s] INFO:colcon.colcon_core.shell:Creating environment hook '/home/karol/turtlebot3_ws/install/turtlebot3_gazebo/share/turtlebot3_gazebo/hook/cmake_prefix_path.ps1'
[0.383s] INFO:colcon.colcon_core.shell:Creating environment descriptor '/home/karol/turtlebot3_ws/install/turtlebot3_gazebo/share/turtlebot3_gazebo/hook/cmake_prefix_path.dsv'
[0.384s] INFO:colcon.colcon_core.shell:Creating environment hook '/home/karol/turtlebot3_ws/install/turtlebot3_gazebo/share/turtlebot3_gazebo/hook/cmake_prefix_path.sh'
[0.384s] Level 1:colcon.colcon_core.environment:checking '/home/karol/turtlebot3_ws/install/turtlebot3_gazebo/lib'
[0.384s] Level 1:colcon.colcon_core.environment:checking '/home/karol/turtlebot3_ws/install/turtlebot3_gazebo/bin'
[0.384s] Level 1:colcon.colcon_core.environment:checking '/home/karol/turtlebot3_ws/install/turtlebot3_gazebo/lib/pkgconfig/turtlebot3_gazebo.pc'
[0.384s] Level 1:colcon.colcon_core.environment:checking '/home/karol/turtlebot3_ws/install/turtlebot3_gazebo/lib/python3.10/site-packages'
[0.384s] Level 1:colcon.colcon_core.environment:checking '/home/karol/turtlebot3_ws/install/turtlebot3_gazebo/bin'
[0.384s] INFO:colcon.colcon_core.shell:Creating package script '/home/karol/turtlebot3_ws/install/turtlebot3_gazebo/share/turtlebot3_gazebo/package.ps1'
[0.385s] INFO:colcon.colcon_core.shell:Creating package descriptor '/home/karol/turtlebot3_ws/install/turtlebot3_gazebo/share/turtlebot3_gazebo/package.dsv'
[0.385s] INFO:colcon.colcon_core.shell:Creating package script '/home/karol/turtlebot3_ws/install/turtlebot3_gazebo/share/turtlebot3_gazebo/package.sh'
[0.385s] INFO:colcon.colcon_core.shell:Creating package script '/home/karol/turtlebot3_ws/install/turtlebot3_gazebo/share/turtlebot3_gazebo/package.bash'
[0.386s] INFO:colcon.colcon_core.shell:Creating package script '/home/karol/turtlebot3_ws/install/turtlebot3_gazebo/share/turtlebot3_gazebo/package.zsh'
[0.386s] Level 1:colcon.colcon_core.environment:create_file_with_runtime_dependencies(/home/karol/turtlebot3_ws/install/turtlebot3_gazebo/share/colcon-core/packages/turtlebot3_gazebo)
[0.386s] INFO:colcon.colcon_ros.task.ament_cmake.build:Building ROS package in '/home/karol/turtlebot3_ws/src/turtlebot3_simulations/turtlebot3_simulations' with build type 'ament_cmake'
[0.386s] INFO:colcon.colcon_cmake.task.cmake.build:Building CMake package in '/home/karol/turtlebot3_ws/src/turtlebot3_simulations/turtlebot3_simulations'
[0.386s] INFO:colcon.colcon_core.shell:Skip shell extension 'powershell' for command environment: Not usable outside of PowerShell
[0.387s] DEBUG:colcon.colcon_core.shell:Skip shell extension 'dsv' for command environment
[0.397s] DEBUG:colcon.colcon_core.event_handler.log_command:Invoking command in '/home/karol/turtlebot3_ws/build/turtlebot3_simulations': CMAKE_PREFIX_PATH=/home/karol/turtlebot3_ws/install/turtlebot3_gazebo:/home/karol/turtlebot3_ws/install/turtlebot3_fake_node:/home/karol/turtlebot3_ws/install/turtlebot3_simulations:/home/karol/turtlebot3_ws/install/nav2_rrtstar_planner:/home/karol/ITB/URO/KRAI/ros2_learn/urdf_example/install/urdf_example:/home/karol/ITB/URO/KRAI/nebula/nebula-ws/install/omnidirectional_controllers:/home/karol/ITB/URO/KRAI/nebula/nebula-ws/install/omni_wheel_controller:/home/karol/ITB/URO/KRAI/nebula/nebula-ws/install/nebula_navigation:/home/karol/ITB/URO/KRAI/nebula/nebula-ws/install/nebula_localization:/home/karol/ITB/URO/KRAI/nebula/nebula-ws/install/nebula_hardware_interfaces:/home/karol/ITB/URO/KRAI/nebula/nebula-ws/install/nebula_firmware:/home/karol/ITB/URO/KRAI/nebula/nebula-ws/install/nebula_controller:/home/karol/ITB/URO/KRAI/nebula/nebula-ws/install/nebula_config:/home/karol/ITB/URO/KRAI/nebula/nebula-ws/install/nebula_bringup:/home/karol/ITB/URO/KRAI/nebula/nebula-ws/install/axebot_description:/opt/ros/humble /usr/bin/cmake --build /home/karol/turtlebot3_ws/build/turtlebot3_simulations -- -j22 -l22
[0.435s] DEBUG:colcon.colcon_core.event_handler.log_command:Invoked command in '/home/karol/turtlebot3_ws/build/turtlebot3_simulations' returned '0': CMAKE_PREFIX_PATH=/home/karol/turtlebot3_ws/install/turtlebot3_gazebo:/home/karol/turtlebot3_ws/install/turtlebot3_fake_node:/home/karol/turtlebot3_ws/install/turtlebot3_simulations:/home/karol/turtlebot3_ws/install/nav2_rrtstar_planner:/home/karol/ITB/URO/KRAI/ros2_learn/urdf_example/install/urdf_example:/home/karol/ITB/URO/KRAI/nebula/nebula-ws/install/omnidirectional_controllers:/home/karol/ITB/URO/KRAI/nebula/nebula-ws/install/omni_wheel_controller:/home/karol/ITB/URO/KRAI/nebula/nebula-ws/install/nebula_navigation:/home/karol/ITB/URO/KRAI/nebula/nebula-ws/install/nebula_localization:/home/karol/ITB/URO/KRAI/nebula/nebula-ws/install/nebula_hardware_interfaces:/home/karol/ITB/URO/KRAI/nebula/nebula-ws/install/nebula_firmware:/home/karol/ITB/URO/KRAI/nebula/nebula-ws/install/nebula_controller:/home/karol/ITB/URO/KRAI/nebula/nebula-ws/install/nebula_config:/home/karol/ITB/URO/KRAI/nebula/nebula-ws/install/nebula_bringup:/home/karol/ITB/URO/KRAI/nebula/nebula-ws/install/axebot_description:/opt/ros/humble /usr/bin/cmake --build /home/karol/turtlebot3_ws/build/turtlebot3_simulations -- -j22 -l22
[0.436s] DEBUG:colcon.colcon_core.event_handler.log_command:Invoking command in '/home/karol/turtlebot3_ws/build/turtlebot3_simulations': CMAKE_PREFIX_PATH=/home/karol/turtlebot3_ws/install/turtlebot3_gazebo:/home/karol/turtlebot3_ws/install/turtlebot3_fake_node:/home/karol/turtlebot3_ws/install/turtlebot3_simulations:/home/karol/turtlebot3_ws/install/nav2_rrtstar_planner:/home/karol/ITB/URO/KRAI/ros2_learn/urdf_example/install/urdf_example:/home/karol/ITB/URO/KRAI/nebula/nebula-ws/install/omnidirectional_controllers:/home/karol/ITB/URO/KRAI/nebula/nebula-ws/install/omni_wheel_controller:/home/karol/ITB/URO/KRAI/nebula/nebula-ws/install/nebula_navigation:/home/karol/ITB/URO/KRAI/nebula/nebula-ws/install/nebula_localization:/home/karol/ITB/URO/KRAI/nebula/nebula-ws/install/nebula_hardware_interfaces:/home/karol/ITB/URO/KRAI/nebula/nebula-ws/install/nebula_firmware:/home/karol/ITB/URO/KRAI/nebula/nebula-ws/install/nebula_controller:/home/karol/ITB/URO/KRAI/nebula/nebula-ws/install/nebula_config:/home/karol/ITB/URO/KRAI/nebula/nebula-ws/install/nebula_bringup:/home/karol/ITB/URO/KRAI/nebula/nebula-ws/install/axebot_description:/opt/ros/humble /usr/bin/cmake --install /home/karol/turtlebot3_ws/build/turtlebot3_simulations
[0.451s] Level 1:colcon.colcon_core.environment:create_environment_scripts_only(turtlebot3_simulations)
[0.452s] Level 1:colcon.colcon_core.environment:checking '/home/karol/turtlebot3_ws/install/turtlebot3_simulations' for CMake module files
[0.452s] DEBUG:colcon.colcon_core.event_handler.log_command:Invoked command in '/home/karol/turtlebot3_ws/build/turtlebot3_simulations' returned '0': CMAKE_PREFIX_PATH=/home/karol/turtlebot3_ws/install/turtlebot3_gazebo:/home/karol/turtlebot3_ws/install/turtlebot3_fake_node:/home/karol/turtlebot3_ws/install/turtlebot3_simulations:/home/karol/turtlebot3_ws/install/nav2_rrtstar_planner:/home/karol/ITB/URO/KRAI/ros2_learn/urdf_example/install/urdf_example:/home/karol/ITB/URO/KRAI/nebula/nebula-ws/install/omnidirectional_controllers:/home/karol/ITB/URO/KRAI/nebula/nebula-ws/install/omni_wheel_controller:/home/karol/ITB/URO/KRAI/nebula/nebula-ws/install/nebula_navigation:/home/karol/ITB/URO/KRAI/nebula/nebula-ws/install/nebula_localization:/home/karol/ITB/URO/KRAI/nebula/nebula-ws/install/nebula_hardware_interfaces:/home/karol/ITB/URO/KRAI/nebula/nebula-ws/install/nebula_firmware:/home/karol/ITB/URO/KRAI/nebula/nebula-ws/install/nebula_controller:/home/karol/ITB/URO/KRAI/nebula/nebula-ws/install/nebula_config:/home/karol/ITB/URO/KRAI/nebula/nebula-ws/install/nebula_bringup:/home/karol/ITB/URO/KRAI/nebula/nebula-ws/install/axebot_description:/opt/ros/humble /usr/bin/cmake --install /home/karol/turtlebot3_ws/build/turtlebot3_simulations
[0.453s] Level 1:colcon.colcon_core.environment:checking '/home/karol/turtlebot3_ws/install/turtlebot3_simulations' for CMake config files
[0.454s] Level 1:colcon.colcon_core.shell:create_environment_hook('turtlebot3_simulations', 'cmake_prefix_path')
[0.454s] INFO:colcon.colcon_core.shell:Creating environment hook '/home/karol/turtlebot3_ws/install/turtlebot3_simulations/share/turtlebot3_simulations/hook/cmake_prefix_path.ps1'
[0.455s] INFO:colcon.colcon_core.shell:Creating environment descriptor '/home/karol/turtlebot3_ws/install/turtlebot3_simulations/share/turtlebot3_simulations/hook/cmake_prefix_path.dsv'
[0.455s] INFO:colcon.colcon_core.shell:Creating environment hook '/home/karol/turtlebot3_ws/install/turtlebot3_simulations/share/turtlebot3_simulations/hook/cmake_prefix_path.sh'
[0.456s] Level 1:colcon.colcon_core.environment:checking '/home/karol/turtlebot3_ws/install/turtlebot3_simulations/bin'
[0.456s] Level 1:colcon.colcon_core.environment:checking '/home/karol/turtlebot3_ws/install/turtlebot3_simulations/lib/pkgconfig/turtlebot3_simulations.pc'
[0.456s] Level 1:colcon.colcon_core.environment:checking '/home/karol/turtlebot3_ws/install/turtlebot3_simulations/lib/python3.10/site-packages'
[0.456s] Level 1:colcon.colcon_core.environment:checking '/home/karol/turtlebot3_ws/install/turtlebot3_simulations/bin'
[0.457s] INFO:colcon.colcon_core.shell:Creating package script '/home/karol/turtlebot3_ws/install/turtlebot3_simulations/share/turtlebot3_simulations/package.ps1'
[0.457s] INFO:colcon.colcon_core.shell:Creating package descriptor '/home/karol/turtlebot3_ws/install/turtlebot3_simulations/share/turtlebot3_simulations/package.dsv'
[0.458s] INFO:colcon.colcon_core.shell:Creating package script '/home/karol/turtlebot3_ws/install/turtlebot3_simulations/share/turtlebot3_simulations/package.sh'
[0.458s] INFO:colcon.colcon_core.shell:Creating package script '/home/karol/turtlebot3_ws/install/turtlebot3_simulations/share/turtlebot3_simulations/package.bash'
[0.459s] INFO:colcon.colcon_core.shell:Creating package script '/home/karol/turtlebot3_ws/install/turtlebot3_simulations/share/turtlebot3_simulations/package.zsh'
[0.459s] Level 1:colcon.colcon_core.environment:create_file_with_runtime_dependencies(/home/karol/turtlebot3_ws/install/turtlebot3_simulations/share/colcon-core/packages/turtlebot3_simulations)
[0.460s] Level 1:colcon.colcon_core.environment:create_environment_scripts_only(turtlebot3_simulations)
[0.460s] Level 1:colcon.colcon_core.environment:checking '/home/karol/turtlebot3_ws/install/turtlebot3_simulations' for CMake module files
[0.460s] Level 1:colcon.colcon_core.environment:checking '/home/karol/turtlebot3_ws/install/turtlebot3_simulations' for CMake config files
[0.461s] Level 1:colcon.colcon_core.shell:create_environment_hook('turtlebot3_simulations', 'cmake_prefix_path')
[0.461s] INFO:colcon.colcon_core.shell:Creating environment hook '/home/karol/turtlebot3_ws/install/turtlebot3_simulations/share/turtlebot3_simulations/hook/cmake_prefix_path.ps1'
[0.461s] INFO:colcon.colcon_core.shell:Creating environment descriptor '/home/karol/turtlebot3_ws/install/turtlebot3_simulations/share/turtlebot3_simulations/hook/cmake_prefix_path.dsv'
[0.462s] INFO:colcon.colcon_core.shell:Creating environment hook '/home/karol/turtlebot3_ws/install/turtlebot3_simulations/share/turtlebot3_simulations/hook/cmake_prefix_path.sh'
[0.462s] Level 1:colcon.colcon_core.environment:checking '/home/karol/turtlebot3_ws/install/turtlebot3_simulations/bin'
[0.463s] Level 1:colcon.colcon_core.environment:checking '/home/karol/turtlebot3_ws/install/turtlebot3_simulations/lib/pkgconfig/turtlebot3_simulations.pc'
[0.463s] Level 1:colcon.colcon_core.environment:checking '/home/karol/turtlebot3_ws/install/turtlebot3_simulations/lib/python3.10/site-packages'
[0.463s] Level 1:colcon.colcon_core.environment:checking '/home/karol/turtlebot3_ws/install/turtlebot3_simulations/bin'
[0.463s] INFO:colcon.colcon_core.shell:Creating package script '/home/karol/turtlebot3_ws/install/turtlebot3_simulations/share/turtlebot3_simulations/package.ps1'
[0.463s] INFO:colcon.colcon_core.shell:Creating package descriptor '/home/karol/turtlebot3_ws/install/turtlebot3_simulations/share/turtlebot3_simulations/package.dsv'
[0.464s] INFO:colcon.colcon_core.shell:Creating package script '/home/karol/turtlebot3_ws/install/turtlebot3_simulations/share/turtlebot3_simulations/package.sh'
[0.464s] INFO:colcon.colcon_core.shell:Creating package script '/home/karol/turtlebot3_ws/install/turtlebot3_simulations/share/turtlebot3_simulations/package.bash'
[0.464s] INFO:colcon.colcon_core.shell:Creating package script '/home/karol/turtlebot3_ws/install/turtlebot3_simulations/share/turtlebot3_simulations/package.zsh'
[0.465s] Level 1:colcon.colcon_core.environment:create_file_with_runtime_dependencies(/home/karol/turtlebot3_ws/install/turtlebot3_simulations/share/colcon-core/packages/turtlebot3_simulations)
[3.830s] DEBUG:colcon.colcon_core.event_handler.log_command:Invoked command in '/home/karol/turtlebot3_ws/build/nav2_rrtstar_planner' returned '0': CMAKE_PREFIX_PATH=${CMAKE_PREFIX_PATH}:/opt/ros/humble /usr/bin/cmake --build /home/karol/turtlebot3_ws/build/nav2_rrtstar_planner -- -j22 -l22
[3.832s] DEBUG:colcon.colcon_core.event_handler.log_command:Invoking command in '/home/karol/turtlebot3_ws/build/nav2_rrtstar_planner': CMAKE_PREFIX_PATH=${CMAKE_PREFIX_PATH}:/opt/ros/humble /usr/bin/cmake --install /home/karol/turtlebot3_ws/build/nav2_rrtstar_planner
[3.850s] Level 1:colcon.colcon_core.environment:create_environment_scripts_only(nav2_rrtstar_planner)
[3.850s] Level 1:colcon.colcon_core.environment:checking '/home/karol/turtlebot3_ws/install/nav2_rrtstar_planner' for CMake module files
[3.851s] DEBUG:colcon.colcon_core.event_handler.log_command:Invoked command in '/home/karol/turtlebot3_ws/build/nav2_rrtstar_planner' returned '0': CMAKE_PREFIX_PATH=${CMAKE_PREFIX_PATH}:/opt/ros/humble /usr/bin/cmake --install /home/karol/turtlebot3_ws/build/nav2_rrtstar_planner
[3.851s] Level 1:colcon.colcon_core.environment:checking '/home/karol/turtlebot3_ws/install/nav2_rrtstar_planner' for CMake config files
[3.851s] Level 1:colcon.colcon_core.shell:create_environment_hook('nav2_rrtstar_planner', 'cmake_prefix_path')
[3.851s] INFO:colcon.colcon_core.shell:Creating environment hook '/home/karol/turtlebot3_ws/install/nav2_rrtstar_planner/share/nav2_rrtstar_planner/hook/cmake_prefix_path.ps1'
[3.852s] INFO:colcon.colcon_core.shell:Creating environment descriptor '/home/karol/turtlebot3_ws/install/nav2_rrtstar_planner/share/nav2_rrtstar_planner/hook/cmake_prefix_path.dsv'
[3.852s] INFO:colcon.colcon_core.shell:Creating environment hook '/home/karol/turtlebot3_ws/install/nav2_rrtstar_planner/share/nav2_rrtstar_planner/hook/cmake_prefix_path.sh'
[3.852s] Level 1:colcon.colcon_core.environment:checking '/home/karol/turtlebot3_ws/install/nav2_rrtstar_planner/lib'
[3.852s] Level 1:colcon.colcon_core.shell:create_environment_hook('nav2_rrtstar_planner', 'ld_library_path_lib')
[3.853s] INFO:colcon.colcon_core.shell:Creating environment hook '/home/karol/turtlebot3_ws/install/nav2_rrtstar_planner/share/nav2_rrtstar_planner/hook/ld_library_path_lib.ps1'
[3.853s] INFO:colcon.colcon_core.shell:Creating environment descriptor '/home/karol/turtlebot3_ws/install/nav2_rrtstar_planner/share/nav2_rrtstar_planner/hook/ld_library_path_lib.dsv'
[3.853s] INFO:colcon.colcon_core.shell:Creating environment hook '/home/karol/turtlebot3_ws/install/nav2_rrtstar_planner/share/nav2_rrtstar_planner/hook/ld_library_path_lib.sh'
[3.853s] Level 1:colcon.colcon_core.environment:checking '/home/karol/turtlebot3_ws/install/nav2_rrtstar_planner/bin'
[3.853s] Level 1:colcon.colcon_core.environment:checking '/home/karol/turtlebot3_ws/install/nav2_rrtstar_planner/lib/pkgconfig/nav2_rrtstar_planner.pc'
[3.853s] Level 1:colcon.colcon_core.environment:checking '/home/karol/turtlebot3_ws/install/nav2_rrtstar_planner/lib/python3.10/site-packages'
[3.853s] Level 1:colcon.colcon_core.environment:checking '/home/karol/turtlebot3_ws/install/nav2_rrtstar_planner/bin'
[3.854s] INFO:colcon.colcon_core.shell:Creating package script '/home/karol/turtlebot3_ws/install/nav2_rrtstar_planner/share/nav2_rrtstar_planner/package.ps1'
[3.854s] INFO:colcon.colcon_core.shell:Creating package descriptor '/home/karol/turtlebot3_ws/install/nav2_rrtstar_planner/share/nav2_rrtstar_planner/package.dsv'
[3.854s] INFO:colcon.colcon_core.shell:Creating package script '/home/karol/turtlebot3_ws/install/nav2_rrtstar_planner/share/nav2_rrtstar_planner/package.sh'
[3.854s] INFO:colcon.colcon_core.shell:Creating package script '/home/karol/turtlebot3_ws/install/nav2_rrtstar_planner/share/nav2_rrtstar_planner/package.bash'
[3.855s] INFO:colcon.colcon_core.shell:Creating package script '/home/karol/turtlebot3_ws/install/nav2_rrtstar_planner/share/nav2_rrtstar_planner/package.zsh'
[3.855s] Level 1:colcon.colcon_core.environment:create_file_with_runtime_dependencies(/home/karol/turtlebot3_ws/install/nav2_rrtstar_planner/share/colcon-core/packages/nav2_rrtstar_planner)
[3.855s] Level 1:colcon.colcon_core.environment:create_environment_scripts_only(nav2_rrtstar_planner)
[3.855s] Level 1:colcon.colcon_core.environment:checking '/home/karol/turtlebot3_ws/install/nav2_rrtstar_planner' for CMake module files
[3.855s] Level 1:colcon.colcon_core.environment:checking '/home/karol/turtlebot3_ws/install/nav2_rrtstar_planner' for CMake config files
[3.856s] Level 1:colcon.colcon_core.shell:create_environment_hook('nav2_rrtstar_planner', 'cmake_prefix_path')
[3.856s] INFO:colcon.colcon_core.shell:Creating environment hook '/home/karol/turtlebot3_ws/install/nav2_rrtstar_planner/share/nav2_rrtstar_planner/hook/cmake_prefix_path.ps1'
[3.856s] INFO:colcon.colcon_core.shell:Creating environment descriptor '/home/karol/turtlebot3_ws/install/nav2_rrtstar_planner/share/nav2_rrtstar_planner/hook/cmake_prefix_path.dsv'
[3.856s] INFO:colcon.colcon_core.shell:Creating environment hook '/home/karol/turtlebot3_ws/install/nav2_rrtstar_planner/share/nav2_rrtstar_planner/hook/cmake_prefix_path.sh'
[3.856s] Level 1:colcon.colcon_core.environment:checking '/home/karol/turtlebot3_ws/install/nav2_rrtstar_planner/lib'
[3.857s] Level 1:colcon.colcon_core.shell:create_environment_hook('nav2_rrtstar_planner', 'ld_library_path_lib')
[3.857s] INFO:colcon.colcon_core.shell:Creating environment hook '/home/karol/turtlebot3_ws/install/nav2_rrtstar_planner/share/nav2_rrtstar_planner/hook/ld_library_path_lib.ps1'
[3.857s] INFO:colcon.colcon_core.shell:Creating environment descriptor '/home/karol/turtlebot3_ws/install/nav2_rrtstar_planner/share/nav2_rrtstar_planner/hook/ld_library_path_lib.dsv'
[3.857s] INFO:colcon.colcon_core.shell:Creating environment hook '/home/karol/turtlebot3_ws/install/nav2_rrtstar_planner/share/nav2_rrtstar_planner/hook/ld_library_path_lib.sh'
[3.857s] Level 1:colcon.colcon_core.environment:checking '/home/karol/turtlebot3_ws/install/nav2_rrtstar_planner/bin'
[3.857s] Level 1:colcon.colcon_core.environment:checking '/home/karol/turtlebot3_ws/install/nav2_rrtstar_planner/lib/pkgconfig/nav2_rrtstar_planner.pc'
[3.858s] Level 1:colcon.colcon_core.environment:checking '/home/karol/turtlebot3_ws/install/nav2_rrtstar_planner/lib/python3.10/site-packages'
[3.858s] Level 1:colcon.colcon_core.environment:checking '/home/karol/turtlebot3_ws/install/nav2_rrtstar_planner/bin'
[3.858s] INFO:colcon.colcon_core.shell:Creating package script '/home/karol/turtlebot3_ws/install/nav2_rrtstar_planner/share/nav2_rrtstar_planner/package.ps1'
[3.858s] INFO:colcon.colcon_core.shell:Creating package descriptor '/home/karol/turtlebot3_ws/install/nav2_rrtstar_planner/share/nav2_rrtstar_planner/package.dsv'
[3.858s] INFO:colcon.colcon_core.shell:Creating package script '/home/karol/turtlebot3_ws/install/nav2_rrtstar_planner/share/nav2_rrtstar_planner/package.sh'
[3.859s] INFO:colcon.colcon_core.shell:Creating package script '/home/karol/turtlebot3_ws/install/nav2_rrtstar_planner/share/nav2_rrtstar_planner/package.bash'
[3.859s] INFO:colcon.colcon_core.shell:Creating package script '/home/karol/turtlebot3_ws/install/nav2_rrtstar_planner/share/nav2_rrtstar_planner/package.zsh'
[3.859s] Level 1:colcon.colcon_core.environment:create_file_with_runtime_dependencies(/home/karol/turtlebot3_ws/install/nav2_rrtstar_planner/share/colcon-core/packages/nav2_rrtstar_planner)
[3.859s] DEBUG:colcon.colcon_parallel_executor.executor.parallel:closing loop
[3.859s] DEBUG:colcon.colcon_parallel_executor.executor.parallel:loop closed
[3.859s] DEBUG:colcon.colcon_parallel_executor.executor.parallel:run_until_complete finished with '0'
[3.859s] DEBUG:colcon.colcon_core.event_reactor:joining thread
[3.863s] INFO:colcon.colcon_core.plugin_system:Skipping extension 'colcon_notification.desktop_notification.terminal_notifier': Not used on non-Darwin systems
[3.863s] INFO:colcon.colcon_core.plugin_system:Skipping extension 'colcon_notification.desktop_notification.win32': Not used on non-Windows systems
[3.863s] INFO:colcon.colcon_notification.desktop_notification:Sending desktop notification using 'notify2'
[3.876s] DEBUG:colcon.colcon_core.event_reactor:joined thread
[3.876s] INFO:colcon.colcon_core.shell:Creating prefix script '/home/karol/turtlebot3_ws/install/local_setup.ps1'
[3.877s] INFO:colcon.colcon_core.shell:Creating prefix util module '/home/karol/turtlebot3_ws/install/_local_setup_util_ps1.py'
[3.877s] INFO:colcon.colcon_core.shell:Creating prefix chain script '/home/karol/turtlebot3_ws/install/setup.ps1'
[3.878s] INFO:colcon.colcon_core.shell:Creating prefix script '/home/karol/turtlebot3_ws/install/local_setup.sh'
[3.879s] INFO:colcon.colcon_core.shell:Creating prefix util module '/home/karol/turtlebot3_ws/install/_local_setup_util_sh.py'
[3.879s] INFO:colcon.colcon_core.shell:Creating prefix chain script '/home/karol/turtlebot3_ws/install/setup.sh'
[3.880s] INFO:colcon.colcon_core.shell:Creating prefix script '/home/karol/turtlebot3_ws/install/local_setup.bash'
[3.880s] INFO:colcon.colcon_core.shell:Creating prefix chain script '/home/karol/turtlebot3_ws/install/setup.bash'
[3.881s] INFO:colcon.colcon_core.shell:Creating prefix script '/home/karol/turtlebot3_ws/install/local_setup.zsh'
[3.881s] INFO:colcon.colcon_core.shell:Creating prefix chain script '/home/karol/turtlebot3_ws/install/setup.zsh'
