[0.008s] Invoking command in '/home/karol/turtlebot3_ws/build/turtlebot3_simulations': CMAKE_PREFIX_PATH=/home/karol/turtlebot3_ws/install/turtlebot3_gazebo:/home/karol/turtlebot3_ws/install/turtlebot3_fake_node:/home/karol/turtlebot3_ws/install/turtlebot3_simulations:/home/karol/turtlebot3_ws/install/nav2_rrtstar_planner:/home/karol/ITB/URO/KRAI/ros2_learn/urdf_example/install/urdf_example:/home/karol/ITB/URO/KRAI/nebula/nebula-ws/install/omnidirectional_controllers:/home/karol/ITB/URO/KRAI/nebula/nebula-ws/install/omni_wheel_controller:/home/karol/ITB/URO/KRAI/nebula/nebula-ws/install/nebula_navigation:/home/karol/ITB/URO/KRAI/nebula/nebula-ws/install/nebula_localization:/home/karol/ITB/URO/KRAI/nebula/nebula-ws/install/nebula_hardware_interfaces:/home/karol/ITB/URO/KRAI/nebula/nebula-ws/install/nebula_firmware:/home/karol/ITB/URO/KRAI/nebula/nebula-ws/install/nebula_controller:/home/karol/ITB/URO/KRAI/nebula/nebula-ws/install/nebula_config:/home/karol/ITB/URO/KRAI/nebula/nebula-ws/install/nebula_bringup:/home/karol/ITB/URO/KRAI/nebula/nebula-ws/install/axebot_description:/opt/ros/humble /usr/bin/cmake /home/karol/turtlebot3_ws/src/turtlebot3_simulations/turtlebot3_simulations -DAMENT_CMAKE_SYMLINK_INSTALL=1 -DCMAKE_INSTALL_PREFIX=/home/karol/turtlebot3_ws/install/turtlebot3_simulations
[0.049s] -- The C compiler identification is GNU 11.4.0
[0.095s] -- The CXX compiler identification is GNU 11.4.0
[0.100s] -- Detecting C compiler ABI info
[0.154s] -- Detecting C compiler ABI info - done
[0.160s] -- Check for working C compiler: /usr/bin/cc - skipped
[0.160s] -- Detecting C compile features
[0.160s] -- Detecting C compile features - done
[0.162s] -- Detecting CXX compiler ABI info
[0.224s] -- Detecting CXX compiler ABI info - done
[0.230s] -- Check for working CXX compiler: /usr/bin/c++ - skipped
[0.230s] -- Detecting CXX compile features
[0.230s] -- Detecting CXX compile features - done
[0.232s] -- Found ament_cmake: 1.3.11 (/opt/ros/humble/share/ament_cmake/cmake)
[0.335s] -- Found Python3: /usr/bin/python3 (found version "3.10.12") found components: Interpreter 
[0.374s] -- Override CMake install command with custom implementation using symlinks instead of copying resources
[0.442s] -- Configuring done
[0.444s] -- Generating done
[0.444s] -- Build files have been written to: /home/karol/turtlebot3_ws/build/turtlebot3_simulations
[0.448s] Invoked command in '/home/karol/turtlebot3_ws/build/turtlebot3_simulations' returned '0': CMAKE_PREFIX_PATH=/home/karol/turtlebot3_ws/install/turtlebot3_gazebo:/home/karol/turtlebot3_ws/install/turtlebot3_fake_node:/home/karol/turtlebot3_ws/install/turtlebot3_simulations:/home/karol/turtlebot3_ws/install/nav2_rrtstar_planner:/home/karol/ITB/URO/KRAI/ros2_learn/urdf_example/install/urdf_example:/home/karol/ITB/URO/KRAI/nebula/nebula-ws/install/omnidirectional_controllers:/home/karol/ITB/URO/KRAI/nebula/nebula-ws/install/omni_wheel_controller:/home/karol/ITB/URO/KRAI/nebula/nebula-ws/install/nebula_navigation:/home/karol/ITB/URO/KRAI/nebula/nebula-ws/install/nebula_localization:/home/karol/ITB/URO/KRAI/nebula/nebula-ws/install/nebula_hardware_interfaces:/home/karol/ITB/URO/KRAI/nebula/nebula-ws/install/nebula_firmware:/home/karol/ITB/URO/KRAI/nebula/nebula-ws/install/nebula_controller:/home/karol/ITB/URO/KRAI/nebula/nebula-ws/install/nebula_config:/home/karol/ITB/URO/KRAI/nebula/nebula-ws/install/nebula_bringup:/home/karol/ITB/URO/KRAI/nebula/nebula-ws/install/axebot_description:/opt/ros/humble /usr/bin/cmake /home/karol/turtlebot3_ws/src/turtlebot3_simulations/turtlebot3_simulations -DAMENT_CMAKE_SYMLINK_INSTALL=1 -DCMAKE_INSTALL_PREFIX=/home/karol/turtlebot3_ws/install/turtlebot3_simulations
[0.451s] Invoking command in '/home/karol/turtlebot3_ws/build/turtlebot3_simulations': CMAKE_PREFIX_PATH=/home/karol/turtlebot3_ws/install/turtlebot3_gazebo:/home/karol/turtlebot3_ws/install/turtlebot3_fake_node:/home/karol/turtlebot3_ws/install/turtlebot3_simulations:/home/karol/turtlebot3_ws/install/nav2_rrtstar_planner:/home/karol/ITB/URO/KRAI/ros2_learn/urdf_example/install/urdf_example:/home/karol/ITB/URO/KRAI/nebula/nebula-ws/install/omnidirectional_controllers:/home/karol/ITB/URO/KRAI/nebula/nebula-ws/install/omni_wheel_controller:/home/karol/ITB/URO/KRAI/nebula/nebula-ws/install/nebula_navigation:/home/karol/ITB/URO/KRAI/nebula/nebula-ws/install/nebula_localization:/home/karol/ITB/URO/KRAI/nebula/nebula-ws/install/nebula_hardware_interfaces:/home/karol/ITB/URO/KRAI/nebula/nebula-ws/install/nebula_firmware:/home/karol/ITB/URO/KRAI/nebula/nebula-ws/install/nebula_controller:/home/karol/ITB/URO/KRAI/nebula/nebula-ws/install/nebula_config:/home/karol/ITB/URO/KRAI/nebula/nebula-ws/install/nebula_bringup:/home/karol/ITB/URO/KRAI/nebula/nebula-ws/install/axebot_description:/opt/ros/humble /usr/bin/cmake --build /home/karol/turtlebot3_ws/build/turtlebot3_simulations -- -j22 -l22
[0.481s] Invoked command in '/home/karol/turtlebot3_ws/build/turtlebot3_simulations' returned '0': CMAKE_PREFIX_PATH=/home/karol/turtlebot3_ws/install/turtlebot3_gazebo:/home/karol/turtlebot3_ws/install/turtlebot3_fake_node:/home/karol/turtlebot3_ws/install/turtlebot3_simulations:/home/karol/turtlebot3_ws/install/nav2_rrtstar_planner:/home/karol/ITB/URO/KRAI/ros2_learn/urdf_example/install/urdf_example:/home/karol/ITB/URO/KRAI/nebula/nebula-ws/install/omnidirectional_controllers:/home/karol/ITB/URO/KRAI/nebula/nebula-ws/install/omni_wheel_controller:/home/karol/ITB/URO/KRAI/nebula/nebula-ws/install/nebula_navigation:/home/karol/ITB/URO/KRAI/nebula/nebula-ws/install/nebula_localization:/home/karol/ITB/URO/KRAI/nebula/nebula-ws/install/nebula_hardware_interfaces:/home/karol/ITB/URO/KRAI/nebula/nebula-ws/install/nebula_firmware:/home/karol/ITB/URO/KRAI/nebula/nebula-ws/install/nebula_controller:/home/karol/ITB/URO/KRAI/nebula/nebula-ws/install/nebula_config:/home/karol/ITB/URO/KRAI/nebula/nebula-ws/install/nebula_bringup:/home/karol/ITB/URO/KRAI/nebula/nebula-ws/install/axebot_description:/opt/ros/humble /usr/bin/cmake --build /home/karol/turtlebot3_ws/build/turtlebot3_simulations -- -j22 -l22
[0.482s] Invoking command in '/home/karol/turtlebot3_ws/build/turtlebot3_simulations': CMAKE_PREFIX_PATH=/home/karol/turtlebot3_ws/install/turtlebot3_gazebo:/home/karol/turtlebot3_ws/install/turtlebot3_fake_node:/home/karol/turtlebot3_ws/install/turtlebot3_simulations:/home/karol/turtlebot3_ws/install/nav2_rrtstar_planner:/home/karol/ITB/URO/KRAI/ros2_learn/urdf_example/install/urdf_example:/home/karol/ITB/URO/KRAI/nebula/nebula-ws/install/omnidirectional_controllers:/home/karol/ITB/URO/KRAI/nebula/nebula-ws/install/omni_wheel_controller:/home/karol/ITB/URO/KRAI/nebula/nebula-ws/install/nebula_navigation:/home/karol/ITB/URO/KRAI/nebula/nebula-ws/install/nebula_localization:/home/karol/ITB/URO/KRAI/nebula/nebula-ws/install/nebula_hardware_interfaces:/home/karol/ITB/URO/KRAI/nebula/nebula-ws/install/nebula_firmware:/home/karol/ITB/URO/KRAI/nebula/nebula-ws/install/nebula_controller:/home/karol/ITB/URO/KRAI/nebula/nebula-ws/install/nebula_config:/home/karol/ITB/URO/KRAI/nebula/nebula-ws/install/nebula_bringup:/home/karol/ITB/URO/KRAI/nebula/nebula-ws/install/axebot_description:/opt/ros/humble /usr/bin/cmake --install /home/karol/turtlebot3_ws/build/turtlebot3_simulations
[0.489s] -- Install configuration: ""
[0.490s] -- Execute custom install script
[0.490s] -- Symlinking: /home/karol/turtlebot3_ws/install/turtlebot3_simulations/share/ament_index/resource_index/package_run_dependencies/turtlebot3_simulations
[0.497s] -- Symlinking: /home/karol/turtlebot3_ws/install/turtlebot3_simulations/share/ament_index/resource_index/parent_prefix_path/turtlebot3_simulations
[0.503s] -- Symlinking: /home/karol/turtlebot3_ws/install/turtlebot3_simulations/share/turtlebot3_simulations/environment/ament_prefix_path.sh
[0.509s] -- Symlinking: /home/karol/turtlebot3_ws/install/turtlebot3_simulations/share/turtlebot3_simulations/environment/ament_prefix_path.dsv
[0.516s] -- Symlinking: /home/karol/turtlebot3_ws/install/turtlebot3_simulations/share/turtlebot3_simulations/environment/path.sh
[0.523s] -- Symlinking: /home/karol/turtlebot3_ws/install/turtlebot3_simulations/share/turtlebot3_simulations/environment/path.dsv
[0.530s] -- Symlinking: /home/karol/turtlebot3_ws/install/turtlebot3_simulations/share/turtlebot3_simulations/local_setup.bash
[0.539s] -- Symlinking: /home/karol/turtlebot3_ws/install/turtlebot3_simulations/share/turtlebot3_simulations/local_setup.sh
[0.548s] -- Symlinking: /home/karol/turtlebot3_ws/install/turtlebot3_simulations/share/turtlebot3_simulations/local_setup.zsh
[0.559s] -- Symlinking: /home/karol/turtlebot3_ws/install/turtlebot3_simulations/share/turtlebot3_simulations/local_setup.dsv
[0.568s] -- Symlinking: /home/karol/turtlebot3_ws/install/turtlebot3_simulations/share/turtlebot3_simulations/package.dsv
[0.574s] -- Symlinking: /home/karol/turtlebot3_ws/install/turtlebot3_simulations/share/ament_index/resource_index/packages/turtlebot3_simulations
[0.581s] -- Symlinking: /home/karol/turtlebot3_ws/install/turtlebot3_simulations/share/turtlebot3_simulations/cmake/turtlebot3_simulationsConfig.cmake
[0.589s] -- Symlinking: /home/karol/turtlebot3_ws/install/turtlebot3_simulations/share/turtlebot3_simulations/cmake/turtlebot3_simulationsConfig-version.cmake
[0.594s] -- Symlinking: /home/karol/turtlebot3_ws/install/turtlebot3_simulations/share/turtlebot3_simulations/package.xml
[0.603s] Invoked command in '/home/karol/turtlebot3_ws/build/turtlebot3_simulations' returned '0': CMAKE_PREFIX_PATH=/home/karol/turtlebot3_ws/install/turtlebot3_gazebo:/home/karol/turtlebot3_ws/install/turtlebot3_fake_node:/home/karol/turtlebot3_ws/install/turtlebot3_simulations:/home/karol/turtlebot3_ws/install/nav2_rrtstar_planner:/home/karol/ITB/URO/KRAI/ros2_learn/urdf_example/install/urdf_example:/home/karol/ITB/URO/KRAI/nebula/nebula-ws/install/omnidirectional_controllers:/home/karol/ITB/URO/KRAI/nebula/nebula-ws/install/omni_wheel_controller:/home/karol/ITB/URO/KRAI/nebula/nebula-ws/install/nebula_navigation:/home/karol/ITB/URO/KRAI/nebula/nebula-ws/install/nebula_localization:/home/karol/ITB/URO/KRAI/nebula/nebula-ws/install/nebula_hardware_interfaces:/home/karol/ITB/URO/KRAI/nebula/nebula-ws/install/nebula_firmware:/home/karol/ITB/URO/KRAI/nebula/nebula-ws/install/nebula_controller:/home/karol/ITB/URO/KRAI/nebula/nebula-ws/install/nebula_config:/home/karol/ITB/URO/KRAI/nebula/nebula-ws/install/nebula_bringup:/home/karol/ITB/URO/KRAI/nebula/nebula-ws/install/axebot_description:/opt/ros/humble /usr/bin/cmake --install /home/karol/turtlebot3_ws/build/turtlebot3_simulations
