[0.062s] DEBUG:colcon:Command line arguments: ['/usr/bin/colcon', 'build', '--symlink-install']
[0.062s] DEBUG:colcon:Parsed command line arguments: Namespace(log_base=None, log_level=None, verb_name='build', build_base='build', install_base='install', merge_install=False, symlink_install=True, test_result_base=None, continue_on_error=False, executor='parallel', parallel_workers=22, event_handlers=None, ignore_user_meta=False, metas=['./colcon.meta'], base_paths=['.'], packages_ignore=None, packages_ignore_regex=None, paths=None, packages_up_to=None, packages_up_to_regex=None, packages_above=None, packages_above_and_dependencies=None, packages_above_depth=None, packages_select_by_dep=None, packages_skip_by_dep=None, packages_skip_up_to=None, packages_select_build_failed=False, packages_skip_build_finished=False, packages_select_test_failures=False, packages_skip_test_passed=False, packages_select=None, packages_skip=None, packages_select_regex=None, packages_skip_regex=None, packages_start=None, packages_end=None, allow_overriding=[], cmake_args=None, cmake_target=None, cmake_target_skip_unavailable=False, cmake_clean_cache=False, cmake_clean_first=False, cmake_force_configure=False, ament_cmake_args=None, catkin_cmake_args=None, catkin_skip_building_tests=False, verb_parser=<colcon_defaults.argument_parser.defaults.DefaultArgumentsDecorator object at 0x74b3f9bad2a0>, verb_extension=<colcon_core.verb.build.BuildVerb object at 0x74b3f9bacdf0>, main=<bound method BuildVerb.main of <colcon_core.verb.build.BuildVerb object at 0x74b3f9bacdf0>>)
[0.170s] Level 1:colcon.colcon_core.package_discovery:discover_packages(colcon_meta) check parameters
[0.170s] Level 1:colcon.colcon_core.package_discovery:discover_packages(recursive) check parameters
[0.170s] Level 1:colcon.colcon_core.package_discovery:discover_packages(ignore) check parameters
[0.170s] Level 1:colcon.colcon_core.package_discovery:discover_packages(path) check parameters
[0.170s] Level 1:colcon.colcon_core.package_discovery:discover_packages(colcon_meta) discover
[0.170s] Level 1:colcon.colcon_core.package_discovery:discover_packages(recursive) discover
[0.170s] INFO:colcon.colcon_core.package_discovery:Crawling recursively for packages in '/home/karol/turtlebot3_ws'
[0.170s] Level 1:colcon.colcon_core.package_identification:_identify(.) by extensions ['ignore', 'ignore_ament_install']
[0.170s] Level 1:colcon.colcon_core.package_identification:_identify(.) by extension 'ignore'
[0.170s] Level 1:colcon.colcon_core.package_identification:_identify(.) by extension 'ignore_ament_install'
[0.170s] Level 1:colcon.colcon_core.package_identification:_identify(.) by extensions ['colcon_pkg']
[0.170s] Level 1:colcon.colcon_core.package_identification:_identify(.) by extension 'colcon_pkg'
[0.170s] Level 1:colcon.colcon_core.package_identification:_identify(.) by extensions ['colcon_meta']
[0.170s] Level 1:colcon.colcon_core.package_identification:_identify(.) by extension 'colcon_meta'
[0.170s] Level 1:colcon.colcon_core.package_identification:_identify(.) by extensions ['ros']
[0.170s] Level 1:colcon.colcon_core.package_identification:_identify(.) by extension 'ros'
[0.177s] Level 1:colcon.colcon_core.package_identification:_identify(.) by extensions ['cmake', 'python']
[0.177s] Level 1:colcon.colcon_core.package_identification:_identify(.) by extension 'cmake'
[0.177s] Level 1:colcon.colcon_core.package_identification:_identify(.) by extension 'python'
[0.177s] Level 1:colcon.colcon_core.package_identification:_identify(.) by extensions ['python_setup_py']
[0.177s] Level 1:colcon.colcon_core.package_identification:_identify(.) by extension 'python_setup_py'
[0.177s] Level 1:colcon.colcon_core.package_identification:_identify(build) by extensions ['ignore', 'ignore_ament_install']
[0.177s] Level 1:colcon.colcon_core.package_identification:_identify(build) by extension 'ignore'
[0.177s] Level 1:colcon.colcon_core.package_identification:_identify(build) ignored
[0.177s] Level 1:colcon.colcon_core.package_identification:_identify(install) by extensions ['ignore', 'ignore_ament_install']
[0.177s] Level 1:colcon.colcon_core.package_identification:_identify(install) by extension 'ignore'
[0.178s] Level 1:colcon.colcon_core.package_identification:_identify(install) ignored
[0.178s] Level 1:colcon.colcon_core.package_identification:_identify(log) by extensions ['ignore', 'ignore_ament_install']
[0.178s] Level 1:colcon.colcon_core.package_identification:_identify(log) by extension 'ignore'
[0.178s] Level 1:colcon.colcon_core.package_identification:_identify(log) ignored
[0.178s] Level 1:colcon.colcon_core.package_identification:_identify(src) by extensions ['ignore', 'ignore_ament_install']
[0.178s] Level 1:colcon.colcon_core.package_identification:_identify(src) by extension 'ignore'
[0.178s] Level 1:colcon.colcon_core.package_identification:_identify(src) by extension 'ignore_ament_install'
[0.178s] Level 1:colcon.colcon_core.package_identification:_identify(src) by extensions ['colcon_pkg']
[0.178s] Level 1:colcon.colcon_core.package_identification:_identify(src) by extension 'colcon_pkg'
[0.178s] Level 1:colcon.colcon_core.package_identification:_identify(src) by extensions ['colcon_meta']
[0.178s] Level 1:colcon.colcon_core.package_identification:_identify(src) by extension 'colcon_meta'
[0.178s] Level 1:colcon.colcon_core.package_identification:_identify(src) by extensions ['ros']
[0.178s] Level 1:colcon.colcon_core.package_identification:_identify(src) by extension 'ros'
[0.178s] Level 1:colcon.colcon_core.package_identification:_identify(src) by extensions ['cmake', 'python']
[0.178s] Level 1:colcon.colcon_core.package_identification:_identify(src) by extension 'cmake'
[0.178s] Level 1:colcon.colcon_core.package_identification:_identify(src) by extension 'python'
[0.178s] Level 1:colcon.colcon_core.package_identification:_identify(src) by extensions ['python_setup_py']
[0.178s] Level 1:colcon.colcon_core.package_identification:_identify(src) by extension 'python_setup_py'
[0.178s] Level 1:colcon.colcon_core.package_identification:_identify(src/TurtleBot-RRT-Star) by extensions ['ignore', 'ignore_ament_install']
[0.178s] Level 1:colcon.colcon_core.package_identification:_identify(src/TurtleBot-RRT-Star) by extension 'ignore'
[0.178s] Level 1:colcon.colcon_core.package_identification:_identify(src/TurtleBot-RRT-Star) by extension 'ignore_ament_install'
[0.178s] Level 1:colcon.colcon_core.package_identification:_identify(src/TurtleBot-RRT-Star) by extensions ['colcon_pkg']
[0.178s] Level 1:colcon.colcon_core.package_identification:_identify(src/TurtleBot-RRT-Star) by extension 'colcon_pkg'
[0.178s] Level 1:colcon.colcon_core.package_identification:_identify(src/TurtleBot-RRT-Star) by extensions ['colcon_meta']
[0.178s] Level 1:colcon.colcon_core.package_identification:_identify(src/TurtleBot-RRT-Star) by extension 'colcon_meta'
[0.178s] Level 1:colcon.colcon_core.package_identification:_identify(src/TurtleBot-RRT-Star) by extensions ['ros']
[0.178s] Level 1:colcon.colcon_core.package_identification:_identify(src/TurtleBot-RRT-Star) by extension 'ros'
[0.181s] DEBUG:colcon.colcon_core.package_identification:Package 'src/TurtleBot-RRT-Star' with type 'ros.ament_cmake' and name 'nav2_rrtstar_planner'
[0.181s] Level 1:colcon.colcon_core.package_identification:_identify(src/turtlebot3_simulations) by extensions ['ignore', 'ignore_ament_install']
[0.181s] Level 1:colcon.colcon_core.package_identification:_identify(src/turtlebot3_simulations) by extension 'ignore'
[0.181s] Level 1:colcon.colcon_core.package_identification:_identify(src/turtlebot3_simulations) by extension 'ignore_ament_install'
[0.181s] Level 1:colcon.colcon_core.package_identification:_identify(src/turtlebot3_simulations) by extensions ['colcon_pkg']
[0.181s] Level 1:colcon.colcon_core.package_identification:_identify(src/turtlebot3_simulations) by extension 'colcon_pkg'
[0.181s] Level 1:colcon.colcon_core.package_identification:_identify(src/turtlebot3_simulations) by extensions ['colcon_meta']
[0.181s] Level 1:colcon.colcon_core.package_identification:_identify(src/turtlebot3_simulations) by extension 'colcon_meta'
[0.181s] Level 1:colcon.colcon_core.package_identification:_identify(src/turtlebot3_simulations) by extensions ['ros']
[0.181s] Level 1:colcon.colcon_core.package_identification:_identify(src/turtlebot3_simulations) by extension 'ros'
[0.181s] Level 1:colcon.colcon_core.package_identification:_identify(src/turtlebot3_simulations) by extensions ['cmake', 'python']
[0.181s] Level 1:colcon.colcon_core.package_identification:_identify(src/turtlebot3_simulations) by extension 'cmake'
[0.181s] Level 1:colcon.colcon_core.package_identification:_identify(src/turtlebot3_simulations) by extension 'python'
[0.181s] Level 1:colcon.colcon_core.package_identification:_identify(src/turtlebot3_simulations) by extensions ['python_setup_py']
[0.181s] Level 1:colcon.colcon_core.package_identification:_identify(src/turtlebot3_simulations) by extension 'python_setup_py'
[0.181s] Level 1:colcon.colcon_core.package_identification:_identify(src/turtlebot3_simulations/turtlebot3_fake_node) by extensions ['ignore', 'ignore_ament_install']
[0.181s] Level 1:colcon.colcon_core.package_identification:_identify(src/turtlebot3_simulations/turtlebot3_fake_node) by extension 'ignore'
[0.181s] Level 1:colcon.colcon_core.package_identification:_identify(src/turtlebot3_simulations/turtlebot3_fake_node) by extension 'ignore_ament_install'
[0.181s] Level 1:colcon.colcon_core.package_identification:_identify(src/turtlebot3_simulations/turtlebot3_fake_node) by extensions ['colcon_pkg']
[0.181s] Level 1:colcon.colcon_core.package_identification:_identify(src/turtlebot3_simulations/turtlebot3_fake_node) by extension 'colcon_pkg'
[0.181s] Level 1:colcon.colcon_core.package_identification:_identify(src/turtlebot3_simulations/turtlebot3_fake_node) by extensions ['colcon_meta']
[0.181s] Level 1:colcon.colcon_core.package_identification:_identify(src/turtlebot3_simulations/turtlebot3_fake_node) by extension 'colcon_meta'
[0.181s] Level 1:colcon.colcon_core.package_identification:_identify(src/turtlebot3_simulations/turtlebot3_fake_node) by extensions ['ros']
[0.181s] Level 1:colcon.colcon_core.package_identification:_identify(src/turtlebot3_simulations/turtlebot3_fake_node) by extension 'ros'
[0.188s] DEBUG:colcon.colcon_core.package_identification:Package 'src/turtlebot3_simulations/turtlebot3_fake_node' with type 'ros.ament_cmake' and name 'turtlebot3_fake_node'
[0.188s] Level 1:colcon.colcon_core.package_identification:_identify(src/turtlebot3_simulations/turtlebot3_gazebo) by extensions ['ignore', 'ignore_ament_install']
[0.189s] Level 1:colcon.colcon_core.package_identification:_identify(src/turtlebot3_simulations/turtlebot3_gazebo) by extension 'ignore'
[0.189s] Level 1:colcon.colcon_core.package_identification:_identify(src/turtlebot3_simulations/turtlebot3_gazebo) by extension 'ignore_ament_install'
[0.189s] Level 1:colcon.colcon_core.package_identification:_identify(src/turtlebot3_simulations/turtlebot3_gazebo) by extensions ['colcon_pkg']
[0.189s] Level 1:colcon.colcon_core.package_identification:_identify(src/turtlebot3_simulations/turtlebot3_gazebo) by extension 'colcon_pkg'
[0.189s] Level 1:colcon.colcon_core.package_identification:_identify(src/turtlebot3_simulations/turtlebot3_gazebo) by extensions ['colcon_meta']
[0.189s] Level 1:colcon.colcon_core.package_identification:_identify(src/turtlebot3_simulations/turtlebot3_gazebo) by extension 'colcon_meta'
[0.189s] Level 1:colcon.colcon_core.package_identification:_identify(src/turtlebot3_simulations/turtlebot3_gazebo) by extensions ['ros']
[0.189s] Level 1:colcon.colcon_core.package_identification:_identify(src/turtlebot3_simulations/turtlebot3_gazebo) by extension 'ros'
[0.189s] DEBUG:colcon.colcon_core.package_identification:Package 'src/turtlebot3_simulations/turtlebot3_gazebo' with type 'ros.ament_cmake' and name 'turtlebot3_gazebo'
[0.189s] Level 1:colcon.colcon_core.package_identification:_identify(src/turtlebot3_simulations/turtlebot3_simulations) by extensions ['ignore', 'ignore_ament_install']
[0.189s] Level 1:colcon.colcon_core.package_identification:_identify(src/turtlebot3_simulations/turtlebot3_simulations) by extension 'ignore'
[0.190s] Level 1:colcon.colcon_core.package_identification:_identify(src/turtlebot3_simulations/turtlebot3_simulations) by extension 'ignore_ament_install'
[0.190s] Level 1:colcon.colcon_core.package_identification:_identify(src/turtlebot3_simulations/turtlebot3_simulations) by extensions ['colcon_pkg']
[0.190s] Level 1:colcon.colcon_core.package_identification:_identify(src/turtlebot3_simulations/turtlebot3_simulations) by extension 'colcon_pkg'
[0.190s] Level 1:colcon.colcon_core.package_identification:_identify(src/turtlebot3_simulations/turtlebot3_simulations) by extensions ['colcon_meta']
[0.190s] Level 1:colcon.colcon_core.package_identification:_identify(src/turtlebot3_simulations/turtlebot3_simulations) by extension 'colcon_meta'
[0.190s] Level 1:colcon.colcon_core.package_identification:_identify(src/turtlebot3_simulations/turtlebot3_simulations) by extensions ['ros']
[0.190s] Level 1:colcon.colcon_core.package_identification:_identify(src/turtlebot3_simulations/turtlebot3_simulations) by extension 'ros'
[0.190s] DEBUG:colcon.colcon_core.package_identification:Package 'src/turtlebot3_simulations/turtlebot3_simulations' with type 'ros.ament_cmake' and name 'turtlebot3_simulations'
[0.190s] Level 1:colcon.colcon_core.package_discovery:discover_packages(recursive) using defaults
[0.190s] Level 1:colcon.colcon_core.package_discovery:discover_packages(ignore) discover
[0.190s] Level 1:colcon.colcon_core.package_discovery:discover_packages(ignore) using defaults
[0.190s] Level 1:colcon.colcon_core.package_discovery:discover_packages(path) discover
[0.190s] Level 1:colcon.colcon_core.package_discovery:discover_packages(path) using defaults
[0.202s] Level 1:colcon.colcon_core.package_discovery:discover_packages(prefix_path) check parameters
[0.202s] Level 1:colcon.colcon_core.package_discovery:discover_packages(prefix_path) discover
[0.204s] DEBUG:colcon.colcon_installed_package_information.package_discovery:Found 4 installed packages in /home/karol/turtlebot3_ws/install
[0.204s] DEBUG:colcon.colcon_installed_package_information.package_discovery:Found 1 installed packages in /home/karol/ITB/URO/KRAI/ros2_learn/urdf_example/install
[0.204s] DEBUG:colcon.colcon_installed_package_information.package_discovery:Found 10 installed packages in /home/karol/ITB/URO/KRAI/nebula/nebula-ws/install
[0.205s] DEBUG:colcon.colcon_installed_package_information.package_discovery:Found 336 installed packages in /opt/ros/humble
[0.206s] Level 1:colcon.colcon_core.package_discovery:discover_packages(prefix_path) using defaults
[0.229s] Level 5:colcon.colcon_core.verb:set package 'nav2_rrtstar_planner' build argument 'cmake_args' from command line to 'None'
[0.229s] Level 5:colcon.colcon_core.verb:set package 'nav2_rrtstar_planner' build argument 'cmake_target' from command line to 'None'
[0.229s] Level 5:colcon.colcon_core.verb:set package 'nav2_rrtstar_planner' build argument 'cmake_target_skip_unavailable' from command line to 'False'
[0.230s] Level 5:colcon.colcon_core.verb:set package 'nav2_rrtstar_planner' build argument 'cmake_clean_cache' from command line to 'False'
[0.230s] Level 5:colcon.colcon_core.verb:set package 'nav2_rrtstar_planner' build argument 'cmake_clean_first' from command line to 'False'
[0.230s] Level 5:colcon.colcon_core.verb:set package 'nav2_rrtstar_planner' build argument 'cmake_force_configure' from command line to 'False'
[0.230s] Level 5:colcon.colcon_core.verb:set package 'nav2_rrtstar_planner' build argument 'ament_cmake_args' from command line to 'None'
[0.230s] Level 5:colcon.colcon_core.verb:set package 'nav2_rrtstar_planner' build argument 'catkin_cmake_args' from command line to 'None'
[0.230s] Level 5:colcon.colcon_core.verb:set package 'nav2_rrtstar_planner' build argument 'catkin_skip_building_tests' from command line to 'False'
[0.230s] DEBUG:colcon.colcon_core.verb:Building package 'nav2_rrtstar_planner' with the following arguments: {'ament_cmake_args': None, 'build_base': '/home/karol/turtlebot3_ws/build/nav2_rrtstar_planner', 'catkin_cmake_args': None, 'catkin_skip_building_tests': False, 'cmake_args': None, 'cmake_clean_cache': False, 'cmake_clean_first': False, 'cmake_force_configure': False, 'cmake_target': None, 'cmake_target_skip_unavailable': False, 'install_base': '/home/karol/turtlebot3_ws/install/nav2_rrtstar_planner', 'merge_install': False, 'path': '/home/karol/turtlebot3_ws/src/TurtleBot-RRT-Star', 'symlink_install': True, 'test_result_base': None}
[0.230s] Level 5:colcon.colcon_core.verb:set package 'turtlebot3_fake_node' build argument 'cmake_args' from command line to 'None'
[0.230s] Level 5:colcon.colcon_core.verb:set package 'turtlebot3_fake_node' build argument 'cmake_target' from command line to 'None'
[0.230s] Level 5:colcon.colcon_core.verb:set package 'turtlebot3_fake_node' build argument 'cmake_target_skip_unavailable' from command line to 'False'
[0.230s] Level 5:colcon.colcon_core.verb:set package 'turtlebot3_fake_node' build argument 'cmake_clean_cache' from command line to 'False'
[0.230s] Level 5:colcon.colcon_core.verb:set package 'turtlebot3_fake_node' build argument 'cmake_clean_first' from command line to 'False'
[0.230s] Level 5:colcon.colcon_core.verb:set package 'turtlebot3_fake_node' build argument 'cmake_force_configure' from command line to 'False'
[0.230s] Level 5:colcon.colcon_core.verb:set package 'turtlebot3_fake_node' build argument 'ament_cmake_args' from command line to 'None'
[0.230s] Level 5:colcon.colcon_core.verb:set package 'turtlebot3_fake_node' build argument 'catkin_cmake_args' from command line to 'None'
[0.230s] Level 5:colcon.colcon_core.verb:set package 'turtlebot3_fake_node' build argument 'catkin_skip_building_tests' from command line to 'False'
[0.230s] DEBUG:colcon.colcon_core.verb:Building package 'turtlebot3_fake_node' with the following arguments: {'ament_cmake_args': None, 'build_base': '/home/karol/turtlebot3_ws/build/turtlebot3_fake_node', 'catkin_cmake_args': None, 'catkin_skip_building_tests': False, 'cmake_args': None, 'cmake_clean_cache': False, 'cmake_clean_first': False, 'cmake_force_configure': False, 'cmake_target': None, 'cmake_target_skip_unavailable': False, 'install_base': '/home/karol/turtlebot3_ws/install/turtlebot3_fake_node', 'merge_install': False, 'path': '/home/karol/turtlebot3_ws/src/turtlebot3_simulations/turtlebot3_fake_node', 'symlink_install': True, 'test_result_base': None}
[0.230s] Level 5:colcon.colcon_core.verb:set package 'turtlebot3_gazebo' build argument 'cmake_args' from command line to 'None'
[0.230s] Level 5:colcon.colcon_core.verb:set package 'turtlebot3_gazebo' build argument 'cmake_target' from command line to 'None'
[0.230s] Level 5:colcon.colcon_core.verb:set package 'turtlebot3_gazebo' build argument 'cmake_target_skip_unavailable' from command line to 'False'
[0.230s] Level 5:colcon.colcon_core.verb:set package 'turtlebot3_gazebo' build argument 'cmake_clean_cache' from command line to 'False'
[0.230s] Level 5:colcon.colcon_core.verb:set package 'turtlebot3_gazebo' build argument 'cmake_clean_first' from command line to 'False'
[0.230s] Level 5:colcon.colcon_core.verb:set package 'turtlebot3_gazebo' build argument 'cmake_force_configure' from command line to 'False'
[0.230s] Level 5:colcon.colcon_core.verb:set package 'turtlebot3_gazebo' build argument 'ament_cmake_args' from command line to 'None'
[0.230s] Level 5:colcon.colcon_core.verb:set package 'turtlebot3_gazebo' build argument 'catkin_cmake_args' from command line to 'None'
[0.230s] Level 5:colcon.colcon_core.verb:set package 'turtlebot3_gazebo' build argument 'catkin_skip_building_tests' from command line to 'False'
[0.230s] DEBUG:colcon.colcon_core.verb:Building package 'turtlebot3_gazebo' with the following arguments: {'ament_cmake_args': None, 'build_base': '/home/karol/turtlebot3_ws/build/turtlebot3_gazebo', 'catkin_cmake_args': None, 'catkin_skip_building_tests': False, 'cmake_args': None, 'cmake_clean_cache': False, 'cmake_clean_first': False, 'cmake_force_configure': False, 'cmake_target': None, 'cmake_target_skip_unavailable': False, 'install_base': '/home/karol/turtlebot3_ws/install/turtlebot3_gazebo', 'merge_install': False, 'path': '/home/karol/turtlebot3_ws/src/turtlebot3_simulations/turtlebot3_gazebo', 'symlink_install': True, 'test_result_base': None}
[0.230s] Level 5:colcon.colcon_core.verb:set package 'turtlebot3_simulations' build argument 'cmake_args' from command line to 'None'
[0.230s] Level 5:colcon.colcon_core.verb:set package 'turtlebot3_simulations' build argument 'cmake_target' from command line to 'None'
[0.230s] Level 5:colcon.colcon_core.verb:set package 'turtlebot3_simulations' build argument 'cmake_target_skip_unavailable' from command line to 'False'
[0.230s] Level 5:colcon.colcon_core.verb:set package 'turtlebot3_simulations' build argument 'cmake_clean_cache' from command line to 'False'
[0.230s] Level 5:colcon.colcon_core.verb:set package 'turtlebot3_simulations' build argument 'cmake_clean_first' from command line to 'False'
[0.230s] Level 5:colcon.colcon_core.verb:set package 'turtlebot3_simulations' build argument 'cmake_force_configure' from command line to 'False'
[0.230s] Level 5:colcon.colcon_core.verb:set package 'turtlebot3_simulations' build argument 'ament_cmake_args' from command line to 'None'
[0.230s] Level 5:colcon.colcon_core.verb:set package 'turtlebot3_simulations' build argument 'catkin_cmake_args' from command line to 'None'
[0.231s] Level 5:colcon.colcon_core.verb:set package 'turtlebot3_simulations' build argument 'catkin_skip_building_tests' from command line to 'False'
[0.231s] DEBUG:colcon.colcon_core.verb:Building package 'turtlebot3_simulations' with the following arguments: {'ament_cmake_args': None, 'build_base': '/home/karol/turtlebot3_ws/build/turtlebot3_simulations', 'catkin_cmake_args': None, 'catkin_skip_building_tests': False, 'cmake_args': None, 'cmake_clean_cache': False, 'cmake_clean_first': False, 'cmake_force_configure': False, 'cmake_target': None, 'cmake_target_skip_unavailable': False, 'install_base': '/home/karol/turtlebot3_ws/install/turtlebot3_simulations', 'merge_install': False, 'path': '/home/karol/turtlebot3_ws/src/turtlebot3_simulations/turtlebot3_simulations', 'symlink_install': True, 'test_result_base': None}
[0.231s] INFO:colcon.colcon_core.executor:Executing jobs using 'parallel' executor
[0.232s] DEBUG:colcon.colcon_parallel_executor.executor.parallel:run_until_complete
[0.232s] INFO:colcon.colcon_ros.task.ament_cmake.build:Building ROS package in '/home/karol/turtlebot3_ws/src/turtlebot3_simulations/turtlebot3_fake_node' with build type 'ament_cmake'
[0.232s] INFO:colcon.colcon_cmake.task.cmake.build:Building CMake package in '/home/karol/turtlebot3_ws/src/turtlebot3_simulations/turtlebot3_fake_node'
[0.233s] INFO:colcon.colcon_core.plugin_system:Skipping extension 'colcon_core.shell.bat': Not used on non-Windows systems
[0.233s] INFO:colcon.colcon_core.shell:Skip shell extension 'powershell' for command environment: Not usable outside of PowerShell
[0.233s] DEBUG:colcon.colcon_core.shell:Skip shell extension 'dsv' for command environment
[0.236s] INFO:colcon.colcon_ros.task.ament_cmake.build:Building ROS package in '/home/karol/turtlebot3_ws/src/turtlebot3_simulations/turtlebot3_gazebo' with build type 'ament_cmake'
[0.237s] INFO:colcon.colcon_cmake.task.cmake.build:Building CMake package in '/home/karol/turtlebot3_ws/src/turtlebot3_simulations/turtlebot3_gazebo'
[0.237s] INFO:colcon.colcon_core.shell:Skip shell extension 'powershell' for command environment: Not usable outside of PowerShell
[0.237s] DEBUG:colcon.colcon_core.shell:Skip shell extension 'dsv' for command environment
[0.239s] INFO:colcon.colcon_ros.task.ament_cmake.build:Building ROS package in '/home/karol/turtlebot3_ws/src/TurtleBot-RRT-Star' with build type 'ament_cmake'
[0.240s] INFO:colcon.colcon_cmake.task.cmake.build:Building CMake package in '/home/karol/turtlebot3_ws/src/TurtleBot-RRT-Star'
[0.240s] INFO:colcon.colcon_core.shell:Skip shell extension 'powershell' for command environment: Not usable outside of PowerShell
[0.240s] DEBUG:colcon.colcon_core.shell:Skip shell extension 'dsv' for command environment
[0.251s] DEBUG:colcon.colcon_core.event_handler.log_command:Invoking command in '/home/karol/turtlebot3_ws/build/turtlebot3_fake_node': CMAKE_PREFIX_PATH=${CMAKE_PREFIX_PATH}:/opt/ros/humble /usr/bin/cmake --build /home/karol/turtlebot3_ws/build/turtlebot3_fake_node -- -j22 -l22
[0.253s] DEBUG:colcon.colcon_core.event_handler.log_command:Invoking command in '/home/karol/turtlebot3_ws/build/turtlebot3_gazebo': CMAKE_PREFIX_PATH=${CMAKE_PREFIX_PATH}:/opt/ros/humble /usr/bin/cmake --build /home/karol/turtlebot3_ws/build/turtlebot3_gazebo -- -j22 -l22
[0.256s] DEBUG:colcon.colcon_core.event_handler.log_command:Invoking command in '/home/karol/turtlebot3_ws/build/nav2_rrtstar_planner': CMAKE_PREFIX_PATH=${CMAKE_PREFIX_PATH}:/opt/ros/humble /usr/bin/cmake --build /home/karol/turtlebot3_ws/build/nav2_rrtstar_planner -- -j22 -l22
[0.315s] DEBUG:colcon.colcon_core.event_handler.log_command:Invoked command in '/home/karol/turtlebot3_ws/build/turtlebot3_fake_node' returned '0': CMAKE_PREFIX_PATH=${CMAKE_PREFIX_PATH}:/opt/ros/humble /usr/bin/cmake --build /home/karol/turtlebot3_ws/build/turtlebot3_fake_node -- -j22 -l22
[0.327s] DEBUG:colcon.colcon_core.event_handler.log_command:Invoking command in '/home/karol/turtlebot3_ws/build/turtlebot3_fake_node': CMAKE_PREFIX_PATH=${CMAKE_PREFIX_PATH}:/opt/ros/humble /usr/bin/cmake --install /home/karol/turtlebot3_ws/build/turtlebot3_fake_node
[0.337s] DEBUG:colcon.colcon_core.event_handler.log_command:Invoked command in '/home/karol/turtlebot3_ws/build/turtlebot3_gazebo' returned '0': CMAKE_PREFIX_PATH=${CMAKE_PREFIX_PATH}:/opt/ros/humble /usr/bin/cmake --build /home/karol/turtlebot3_ws/build/turtlebot3_gazebo -- -j22 -l22
[0.338s] DEBUG:colcon.colcon_core.event_handler.log_command:Invoking command in '/home/karol/turtlebot3_ws/build/turtlebot3_gazebo': CMAKE_PREFIX_PATH=${CMAKE_PREFIX_PATH}:/opt/ros/humble /usr/bin/cmake --install /home/karol/turtlebot3_ws/build/turtlebot3_gazebo
[0.342s] Level 1:colcon.colcon_core.environment:create_environment_scripts_only(turtlebot3_fake_node)
[0.343s] DEBUG:colcon.colcon_core.event_handler.log_command:Invoked command in '/home/karol/turtlebot3_ws/build/turtlebot3_fake_node' returned '0': CMAKE_PREFIX_PATH=${CMAKE_PREFIX_PATH}:/opt/ros/humble /usr/bin/cmake --install /home/karol/turtlebot3_ws/build/turtlebot3_fake_node
[0.346s] Level 1:colcon.colcon_core.environment:checking '/home/karol/turtlebot3_ws/install/turtlebot3_fake_node' for CMake module files
[0.346s] Level 1:colcon.colcon_core.environment:checking '/home/karol/turtlebot3_ws/install/turtlebot3_fake_node' for CMake config files
[0.346s] Level 1:colcon.colcon_core.shell:create_environment_hook('turtlebot3_fake_node', 'cmake_prefix_path')
[0.346s] INFO:colcon.colcon_core.shell:Creating environment hook '/home/karol/turtlebot3_ws/install/turtlebot3_fake_node/share/turtlebot3_fake_node/hook/cmake_prefix_path.ps1'
[0.347s] INFO:colcon.colcon_core.shell:Creating environment descriptor '/home/karol/turtlebot3_ws/install/turtlebot3_fake_node/share/turtlebot3_fake_node/hook/cmake_prefix_path.dsv'
[0.347s] INFO:colcon.colcon_core.shell:Creating environment hook '/home/karol/turtlebot3_ws/install/turtlebot3_fake_node/share/turtlebot3_fake_node/hook/cmake_prefix_path.sh'
[0.349s] Level 1:colcon.colcon_core.environment:checking '/home/karol/turtlebot3_ws/install/turtlebot3_fake_node/lib'
[0.349s] Level 1:colcon.colcon_core.environment:checking '/home/karol/turtlebot3_ws/install/turtlebot3_fake_node/bin'
[0.349s] Level 1:colcon.colcon_core.environment:checking '/home/karol/turtlebot3_ws/install/turtlebot3_fake_node/lib/pkgconfig/turtlebot3_fake_node.pc'
[0.350s] Level 1:colcon.colcon_core.environment:checking '/home/karol/turtlebot3_ws/install/turtlebot3_fake_node/lib/python3.10/site-packages'
[0.350s] Level 1:colcon.colcon_core.environment:checking '/home/karol/turtlebot3_ws/install/turtlebot3_fake_node/bin'
[0.350s] INFO:colcon.colcon_core.shell:Creating package script '/home/karol/turtlebot3_ws/install/turtlebot3_fake_node/share/turtlebot3_fake_node/package.ps1'
[0.352s] INFO:colcon.colcon_core.shell:Creating package descriptor '/home/karol/turtlebot3_ws/install/turtlebot3_fake_node/share/turtlebot3_fake_node/package.dsv'
[0.356s] INFO:colcon.colcon_core.shell:Creating package script '/home/karol/turtlebot3_ws/install/turtlebot3_fake_node/share/turtlebot3_fake_node/package.sh'
[0.357s] INFO:colcon.colcon_core.shell:Creating package script '/home/karol/turtlebot3_ws/install/turtlebot3_fake_node/share/turtlebot3_fake_node/package.bash'
[0.358s] INFO:colcon.colcon_core.shell:Creating package script '/home/karol/turtlebot3_ws/install/turtlebot3_fake_node/share/turtlebot3_fake_node/package.zsh'
[0.359s] Level 1:colcon.colcon_core.environment:create_file_with_runtime_dependencies(/home/karol/turtlebot3_ws/install/turtlebot3_fake_node/share/colcon-core/packages/turtlebot3_fake_node)
[0.359s] Level 1:colcon.colcon_core.environment:create_environment_scripts_only(turtlebot3_fake_node)
[0.360s] Level 1:colcon.colcon_core.environment:checking '/home/karol/turtlebot3_ws/install/turtlebot3_fake_node' for CMake module files
[0.360s] Level 1:colcon.colcon_core.environment:checking '/home/karol/turtlebot3_ws/install/turtlebot3_fake_node' for CMake config files
[0.361s] Level 1:colcon.colcon_core.shell:create_environment_hook('turtlebot3_fake_node', 'cmake_prefix_path')
[0.361s] INFO:colcon.colcon_core.shell:Creating environment hook '/home/karol/turtlebot3_ws/install/turtlebot3_fake_node/share/turtlebot3_fake_node/hook/cmake_prefix_path.ps1'
[0.361s] INFO:colcon.colcon_core.shell:Creating environment descriptor '/home/karol/turtlebot3_ws/install/turtlebot3_fake_node/share/turtlebot3_fake_node/hook/cmake_prefix_path.dsv'
[0.362s] INFO:colcon.colcon_core.shell:Creating environment hook '/home/karol/turtlebot3_ws/install/turtlebot3_fake_node/share/turtlebot3_fake_node/hook/cmake_prefix_path.sh'
[0.363s] Level 1:colcon.colcon_core.environment:checking '/home/karol/turtlebot3_ws/install/turtlebot3_fake_node/lib'
[0.363s] Level 1:colcon.colcon_core.environment:checking '/home/karol/turtlebot3_ws/install/turtlebot3_fake_node/bin'
[0.363s] Level 1:colcon.colcon_core.environment:checking '/home/karol/turtlebot3_ws/install/turtlebot3_fake_node/lib/pkgconfig/turtlebot3_fake_node.pc'
[0.363s] Level 1:colcon.colcon_core.environment:checking '/home/karol/turtlebot3_ws/install/turtlebot3_fake_node/lib/python3.10/site-packages'
[0.363s] Level 1:colcon.colcon_core.environment:checking '/home/karol/turtlebot3_ws/install/turtlebot3_fake_node/bin'
[0.363s] INFO:colcon.colcon_core.shell:Creating package script '/home/karol/turtlebot3_ws/install/turtlebot3_fake_node/share/turtlebot3_fake_node/package.ps1'
[0.364s] INFO:colcon.colcon_core.shell:Creating package descriptor '/home/karol/turtlebot3_ws/install/turtlebot3_fake_node/share/turtlebot3_fake_node/package.dsv'
[0.365s] INFO:colcon.colcon_core.shell:Creating package script '/home/karol/turtlebot3_ws/install/turtlebot3_fake_node/share/turtlebot3_fake_node/package.sh'
[0.366s] INFO:colcon.colcon_core.shell:Creating package script '/home/karol/turtlebot3_ws/install/turtlebot3_fake_node/share/turtlebot3_fake_node/package.bash'
[0.366s] INFO:colcon.colcon_core.shell:Creating package script '/home/karol/turtlebot3_ws/install/turtlebot3_fake_node/share/turtlebot3_fake_node/package.zsh'
[0.367s] Level 1:colcon.colcon_core.environment:create_file_with_runtime_dependencies(/home/karol/turtlebot3_ws/install/turtlebot3_fake_node/share/colcon-core/packages/turtlebot3_fake_node)
[0.368s] Level 1:colcon.colcon_core.environment:create_environment_scripts_only(turtlebot3_gazebo)
[0.368s] Level 1:colcon.colcon_core.environment:checking '/home/karol/turtlebot3_ws/install/turtlebot3_gazebo' for CMake module files
[0.369s] DEBUG:colcon.colcon_core.event_handler.log_command:Invoked command in '/home/karol/turtlebot3_ws/build/turtlebot3_gazebo' returned '0': CMAKE_PREFIX_PATH=${CMAKE_PREFIX_PATH}:/opt/ros/humble /usr/bin/cmake --install /home/karol/turtlebot3_ws/build/turtlebot3_gazebo
[0.369s] Level 1:colcon.colcon_core.environment:checking '/home/karol/turtlebot3_ws/install/turtlebot3_gazebo' for CMake config files
[0.369s] Level 1:colcon.colcon_core.shell:create_environment_hook('turtlebot3_gazebo', 'cmake_prefix_path')
[0.370s] INFO:colcon.colcon_core.shell:Creating environment hook '/home/karol/turtlebot3_ws/install/turtlebot3_gazebo/share/turtlebot3_gazebo/hook/cmake_prefix_path.ps1'
[0.370s] INFO:colcon.colcon_core.shell:Creating environment descriptor '/home/karol/turtlebot3_ws/install/turtlebot3_gazebo/share/turtlebot3_gazebo/hook/cmake_prefix_path.dsv'
[0.370s] INFO:colcon.colcon_core.shell:Creating environment hook '/home/karol/turtlebot3_ws/install/turtlebot3_gazebo/share/turtlebot3_gazebo/hook/cmake_prefix_path.sh'
[0.371s] Level 1:colcon.colcon_core.environment:checking '/home/karol/turtlebot3_ws/install/turtlebot3_gazebo/lib'
[0.371s] Level 1:colcon.colcon_core.environment:checking '/home/karol/turtlebot3_ws/install/turtlebot3_gazebo/bin'
[0.371s] Level 1:colcon.colcon_core.environment:checking '/home/karol/turtlebot3_ws/install/turtlebot3_gazebo/lib/pkgconfig/turtlebot3_gazebo.pc'
[0.371s] Level 1:colcon.colcon_core.environment:checking '/home/karol/turtlebot3_ws/install/turtlebot3_gazebo/lib/python3.10/site-packages'
[0.371s] Level 1:colcon.colcon_core.environment:checking '/home/karol/turtlebot3_ws/install/turtlebot3_gazebo/bin'
[0.371s] INFO:colcon.colcon_core.shell:Creating package script '/home/karol/turtlebot3_ws/install/turtlebot3_gazebo/share/turtlebot3_gazebo/package.ps1'
[0.372s] INFO:colcon.colcon_core.shell:Creating package descriptor '/home/karol/turtlebot3_ws/install/turtlebot3_gazebo/share/turtlebot3_gazebo/package.dsv'
[0.372s] INFO:colcon.colcon_core.shell:Creating package script '/home/karol/turtlebot3_ws/install/turtlebot3_gazebo/share/turtlebot3_gazebo/package.sh'
[0.372s] INFO:colcon.colcon_core.shell:Creating package script '/home/karol/turtlebot3_ws/install/turtlebot3_gazebo/share/turtlebot3_gazebo/package.bash'
[0.373s] INFO:colcon.colcon_core.shell:Creating package script '/home/karol/turtlebot3_ws/install/turtlebot3_gazebo/share/turtlebot3_gazebo/package.zsh'
[0.373s] Level 1:colcon.colcon_core.environment:create_file_with_runtime_dependencies(/home/karol/turtlebot3_ws/install/turtlebot3_gazebo/share/colcon-core/packages/turtlebot3_gazebo)
[0.373s] Level 1:colcon.colcon_core.environment:create_environment_scripts_only(turtlebot3_gazebo)
[0.374s] Level 1:colcon.colcon_core.environment:checking '/home/karol/turtlebot3_ws/install/turtlebot3_gazebo' for CMake module files
[0.374s] Level 1:colcon.colcon_core.environment:checking '/home/karol/turtlebot3_ws/install/turtlebot3_gazebo' for CMake config files
[0.374s] Level 1:colcon.colcon_core.shell:create_environment_hook('turtlebot3_gazebo', 'cmake_prefix_path')
[0.374s] INFO:colcon.colcon_core.shell:Creating environment hook '/home/karol/turtlebot3_ws/install/turtlebot3_gazebo/share/turtlebot3_gazebo/hook/cmake_prefix_path.ps1'
[0.375s] INFO:colcon.colcon_core.shell:Creating environment descriptor '/home/karol/turtlebot3_ws/install/turtlebot3_gazebo/share/turtlebot3_gazebo/hook/cmake_prefix_path.dsv'
[0.375s] INFO:colcon.colcon_core.shell:Creating environment hook '/home/karol/turtlebot3_ws/install/turtlebot3_gazebo/share/turtlebot3_gazebo/hook/cmake_prefix_path.sh'
[0.375s] Level 1:colcon.colcon_core.environment:checking '/home/karol/turtlebot3_ws/install/turtlebot3_gazebo/lib'
[0.375s] Level 1:colcon.colcon_core.environment:checking '/home/karol/turtlebot3_ws/install/turtlebot3_gazebo/bin'
[0.375s] Level 1:colcon.colcon_core.environment:checking '/home/karol/turtlebot3_ws/install/turtlebot3_gazebo/lib/pkgconfig/turtlebot3_gazebo.pc'
[0.376s] Level 1:colcon.colcon_core.environment:checking '/home/karol/turtlebot3_ws/install/turtlebot3_gazebo/lib/python3.10/site-packages'
[0.376s] Level 1:colcon.colcon_core.environment:checking '/home/karol/turtlebot3_ws/install/turtlebot3_gazebo/bin'
[0.376s] INFO:colcon.colcon_core.shell:Creating package script '/home/karol/turtlebot3_ws/install/turtlebot3_gazebo/share/turtlebot3_gazebo/package.ps1'
[0.376s] INFO:colcon.colcon_core.shell:Creating package descriptor '/home/karol/turtlebot3_ws/install/turtlebot3_gazebo/share/turtlebot3_gazebo/package.dsv'
[0.377s] INFO:colcon.colcon_core.shell:Creating package script '/home/karol/turtlebot3_ws/install/turtlebot3_gazebo/share/turtlebot3_gazebo/package.sh'
[0.377s] INFO:colcon.colcon_core.shell:Creating package script '/home/karol/turtlebot3_ws/install/turtlebot3_gazebo/share/turtlebot3_gazebo/package.bash'
[0.377s] INFO:colcon.colcon_core.shell:Creating package script '/home/karol/turtlebot3_ws/install/turtlebot3_gazebo/share/turtlebot3_gazebo/package.zsh'
[0.378s] Level 1:colcon.colcon_core.environment:create_file_with_runtime_dependencies(/home/karol/turtlebot3_ws/install/turtlebot3_gazebo/share/colcon-core/packages/turtlebot3_gazebo)
[0.378s] INFO:colcon.colcon_ros.task.ament_cmake.build:Building ROS package in '/home/karol/turtlebot3_ws/src/turtlebot3_simulations/turtlebot3_simulations' with build type 'ament_cmake'
[0.378s] INFO:colcon.colcon_cmake.task.cmake.build:Building CMake package in '/home/karol/turtlebot3_ws/src/turtlebot3_simulations/turtlebot3_simulations'
[0.378s] INFO:colcon.colcon_core.shell:Skip shell extension 'powershell' for command environment: Not usable outside of PowerShell
[0.378s] DEBUG:colcon.colcon_core.shell:Skip shell extension 'dsv' for command environment
[0.388s] DEBUG:colcon.colcon_core.event_handler.log_command:Invoking command in '/home/karol/turtlebot3_ws/build/turtlebot3_simulations': CMAKE_PREFIX_PATH=/home/karol/turtlebot3_ws/install/turtlebot3_gazebo:/home/karol/turtlebot3_ws/install/turtlebot3_fake_node:/home/karol/turtlebot3_ws/install/turtlebot3_simulations:/home/karol/turtlebot3_ws/install/nav2_rrtstar_planner:/home/karol/ITB/URO/KRAI/ros2_learn/urdf_example/install/urdf_example:/home/karol/ITB/URO/KRAI/nebula/nebula-ws/install/omnidirectional_controllers:/home/karol/ITB/URO/KRAI/nebula/nebula-ws/install/omni_wheel_controller:/home/karol/ITB/URO/KRAI/nebula/nebula-ws/install/nebula_navigation:/home/karol/ITB/URO/KRAI/nebula/nebula-ws/install/nebula_localization:/home/karol/ITB/URO/KRAI/nebula/nebula-ws/install/nebula_hardware_interfaces:/home/karol/ITB/URO/KRAI/nebula/nebula-ws/install/nebula_firmware:/home/karol/ITB/URO/KRAI/nebula/nebula-ws/install/nebula_controller:/home/karol/ITB/URO/KRAI/nebula/nebula-ws/install/nebula_config:/home/karol/ITB/URO/KRAI/nebula/nebula-ws/install/nebula_bringup:/home/karol/ITB/URO/KRAI/nebula/nebula-ws/install/axebot_description:/opt/ros/humble /usr/bin/cmake --build /home/karol/turtlebot3_ws/build/turtlebot3_simulations -- -j22 -l22
[0.424s] DEBUG:colcon.colcon_core.event_handler.log_command:Invoked command in '/home/karol/turtlebot3_ws/build/turtlebot3_simulations' returned '0': CMAKE_PREFIX_PATH=/home/karol/turtlebot3_ws/install/turtlebot3_gazebo:/home/karol/turtlebot3_ws/install/turtlebot3_fake_node:/home/karol/turtlebot3_ws/install/turtlebot3_simulations:/home/karol/turtlebot3_ws/install/nav2_rrtstar_planner:/home/karol/ITB/URO/KRAI/ros2_learn/urdf_example/install/urdf_example:/home/karol/ITB/URO/KRAI/nebula/nebula-ws/install/omnidirectional_controllers:/home/karol/ITB/URO/KRAI/nebula/nebula-ws/install/omni_wheel_controller:/home/karol/ITB/URO/KRAI/nebula/nebula-ws/install/nebula_navigation:/home/karol/ITB/URO/KRAI/nebula/nebula-ws/install/nebula_localization:/home/karol/ITB/URO/KRAI/nebula/nebula-ws/install/nebula_hardware_interfaces:/home/karol/ITB/URO/KRAI/nebula/nebula-ws/install/nebula_firmware:/home/karol/ITB/URO/KRAI/nebula/nebula-ws/install/nebula_controller:/home/karol/ITB/URO/KRAI/nebula/nebula-ws/install/nebula_config:/home/karol/ITB/URO/KRAI/nebula/nebula-ws/install/nebula_bringup:/home/karol/ITB/URO/KRAI/nebula/nebula-ws/install/axebot_description:/opt/ros/humble /usr/bin/cmake --build /home/karol/turtlebot3_ws/build/turtlebot3_simulations -- -j22 -l22
[0.425s] DEBUG:colcon.colcon_core.event_handler.log_command:Invoking command in '/home/karol/turtlebot3_ws/build/turtlebot3_simulations': CMAKE_PREFIX_PATH=/home/karol/turtlebot3_ws/install/turtlebot3_gazebo:/home/karol/turtlebot3_ws/install/turtlebot3_fake_node:/home/karol/turtlebot3_ws/install/turtlebot3_simulations:/home/karol/turtlebot3_ws/install/nav2_rrtstar_planner:/home/karol/ITB/URO/KRAI/ros2_learn/urdf_example/install/urdf_example:/home/karol/ITB/URO/KRAI/nebula/nebula-ws/install/omnidirectional_controllers:/home/karol/ITB/URO/KRAI/nebula/nebula-ws/install/omni_wheel_controller:/home/karol/ITB/URO/KRAI/nebula/nebula-ws/install/nebula_navigation:/home/karol/ITB/URO/KRAI/nebula/nebula-ws/install/nebula_localization:/home/karol/ITB/URO/KRAI/nebula/nebula-ws/install/nebula_hardware_interfaces:/home/karol/ITB/URO/KRAI/nebula/nebula-ws/install/nebula_firmware:/home/karol/ITB/URO/KRAI/nebula/nebula-ws/install/nebula_controller:/home/karol/ITB/URO/KRAI/nebula/nebula-ws/install/nebula_config:/home/karol/ITB/URO/KRAI/nebula/nebula-ws/install/nebula_bringup:/home/karol/ITB/URO/KRAI/nebula/nebula-ws/install/axebot_description:/opt/ros/humble /usr/bin/cmake --install /home/karol/turtlebot3_ws/build/turtlebot3_simulations
[0.451s] Level 1:colcon.colcon_core.environment:create_environment_scripts_only(turtlebot3_simulations)
[0.451s] Level 1:colcon.colcon_core.environment:checking '/home/karol/turtlebot3_ws/install/turtlebot3_simulations' for CMake module files
[0.452s] DEBUG:colcon.colcon_core.event_handler.log_command:Invoked command in '/home/karol/turtlebot3_ws/build/turtlebot3_simulations' returned '0': CMAKE_PREFIX_PATH=/home/karol/turtlebot3_ws/install/turtlebot3_gazebo:/home/karol/turtlebot3_ws/install/turtlebot3_fake_node:/home/karol/turtlebot3_ws/install/turtlebot3_simulations:/home/karol/turtlebot3_ws/install/nav2_rrtstar_planner:/home/karol/ITB/URO/KRAI/ros2_learn/urdf_example/install/urdf_example:/home/karol/ITB/URO/KRAI/nebula/nebula-ws/install/omnidirectional_controllers:/home/karol/ITB/URO/KRAI/nebula/nebula-ws/install/omni_wheel_controller:/home/karol/ITB/URO/KRAI/nebula/nebula-ws/install/nebula_navigation:/home/karol/ITB/URO/KRAI/nebula/nebula-ws/install/nebula_localization:/home/karol/ITB/URO/KRAI/nebula/nebula-ws/install/nebula_hardware_interfaces:/home/karol/ITB/URO/KRAI/nebula/nebula-ws/install/nebula_firmware:/home/karol/ITB/URO/KRAI/nebula/nebula-ws/install/nebula_controller:/home/karol/ITB/URO/KRAI/nebula/nebula-ws/install/nebula_config:/home/karol/ITB/URO/KRAI/nebula/nebula-ws/install/nebula_bringup:/home/karol/ITB/URO/KRAI/nebula/nebula-ws/install/axebot_description:/opt/ros/humble /usr/bin/cmake --install /home/karol/turtlebot3_ws/build/turtlebot3_simulations
[0.452s] Level 1:colcon.colcon_core.environment:checking '/home/karol/turtlebot3_ws/install/turtlebot3_simulations' for CMake config files
[0.452s] Level 1:colcon.colcon_core.shell:create_environment_hook('turtlebot3_simulations', 'cmake_prefix_path')
[0.452s] INFO:colcon.colcon_core.shell:Creating environment hook '/home/karol/turtlebot3_ws/install/turtlebot3_simulations/share/turtlebot3_simulations/hook/cmake_prefix_path.ps1'
[0.453s] INFO:colcon.colcon_core.shell:Creating environment descriptor '/home/karol/turtlebot3_ws/install/turtlebot3_simulations/share/turtlebot3_simulations/hook/cmake_prefix_path.dsv'
[0.453s] INFO:colcon.colcon_core.shell:Creating environment hook '/home/karol/turtlebot3_ws/install/turtlebot3_simulations/share/turtlebot3_simulations/hook/cmake_prefix_path.sh'
[0.454s] Level 1:colcon.colcon_core.environment:checking '/home/karol/turtlebot3_ws/install/turtlebot3_simulations/bin'
[0.454s] Level 1:colcon.colcon_core.environment:checking '/home/karol/turtlebot3_ws/install/turtlebot3_simulations/lib/pkgconfig/turtlebot3_simulations.pc'
[0.454s] Level 1:colcon.colcon_core.environment:checking '/home/karol/turtlebot3_ws/install/turtlebot3_simulations/lib/python3.10/site-packages'
[0.454s] Level 1:colcon.colcon_core.environment:checking '/home/karol/turtlebot3_ws/install/turtlebot3_simulations/bin'
[0.454s] INFO:colcon.colcon_core.shell:Creating package script '/home/karol/turtlebot3_ws/install/turtlebot3_simulations/share/turtlebot3_simulations/package.ps1'
[0.454s] INFO:colcon.colcon_core.shell:Creating package descriptor '/home/karol/turtlebot3_ws/install/turtlebot3_simulations/share/turtlebot3_simulations/package.dsv'
[0.455s] INFO:colcon.colcon_core.shell:Creating package script '/home/karol/turtlebot3_ws/install/turtlebot3_simulations/share/turtlebot3_simulations/package.sh'
[0.455s] INFO:colcon.colcon_core.shell:Creating package script '/home/karol/turtlebot3_ws/install/turtlebot3_simulations/share/turtlebot3_simulations/package.bash'
[0.455s] INFO:colcon.colcon_core.shell:Creating package script '/home/karol/turtlebot3_ws/install/turtlebot3_simulations/share/turtlebot3_simulations/package.zsh'
[0.455s] Level 1:colcon.colcon_core.environment:create_file_with_runtime_dependencies(/home/karol/turtlebot3_ws/install/turtlebot3_simulations/share/colcon-core/packages/turtlebot3_simulations)
[0.456s] Level 1:colcon.colcon_core.environment:create_environment_scripts_only(turtlebot3_simulations)
[0.456s] Level 1:colcon.colcon_core.environment:checking '/home/karol/turtlebot3_ws/install/turtlebot3_simulations' for CMake module files
[0.456s] Level 1:colcon.colcon_core.environment:checking '/home/karol/turtlebot3_ws/install/turtlebot3_simulations' for CMake config files
[0.456s] Level 1:colcon.colcon_core.shell:create_environment_hook('turtlebot3_simulations', 'cmake_prefix_path')
[0.457s] INFO:colcon.colcon_core.shell:Creating environment hook '/home/karol/turtlebot3_ws/install/turtlebot3_simulations/share/turtlebot3_simulations/hook/cmake_prefix_path.ps1'
[0.457s] INFO:colcon.colcon_core.shell:Creating environment descriptor '/home/karol/turtlebot3_ws/install/turtlebot3_simulations/share/turtlebot3_simulations/hook/cmake_prefix_path.dsv'
[0.457s] INFO:colcon.colcon_core.shell:Creating environment hook '/home/karol/turtlebot3_ws/install/turtlebot3_simulations/share/turtlebot3_simulations/hook/cmake_prefix_path.sh'
[0.457s] Level 1:colcon.colcon_core.environment:checking '/home/karol/turtlebot3_ws/install/turtlebot3_simulations/bin'
[0.458s] Level 1:colcon.colcon_core.environment:checking '/home/karol/turtlebot3_ws/install/turtlebot3_simulations/lib/pkgconfig/turtlebot3_simulations.pc'
[0.458s] Level 1:colcon.colcon_core.environment:checking '/home/karol/turtlebot3_ws/install/turtlebot3_simulations/lib/python3.10/site-packages'
[0.458s] Level 1:colcon.colcon_core.environment:checking '/home/karol/turtlebot3_ws/install/turtlebot3_simulations/bin'
[0.458s] INFO:colcon.colcon_core.shell:Creating package script '/home/karol/turtlebot3_ws/install/turtlebot3_simulations/share/turtlebot3_simulations/package.ps1'
[0.459s] INFO:colcon.colcon_core.shell:Creating package descriptor '/home/karol/turtlebot3_ws/install/turtlebot3_simulations/share/turtlebot3_simulations/package.dsv'
[0.460s] INFO:colcon.colcon_core.shell:Creating package script '/home/karol/turtlebot3_ws/install/turtlebot3_simulations/share/turtlebot3_simulations/package.sh'
[0.460s] INFO:colcon.colcon_core.shell:Creating package script '/home/karol/turtlebot3_ws/install/turtlebot3_simulations/share/turtlebot3_simulations/package.bash'
[0.460s] INFO:colcon.colcon_core.shell:Creating package script '/home/karol/turtlebot3_ws/install/turtlebot3_simulations/share/turtlebot3_simulations/package.zsh'
[0.461s] Level 1:colcon.colcon_core.environment:create_file_with_runtime_dependencies(/home/karol/turtlebot3_ws/install/turtlebot3_simulations/share/colcon-core/packages/turtlebot3_simulations)
[3.813s] DEBUG:colcon.colcon_core.event_handler.log_command:Invoked command in '/home/karol/turtlebot3_ws/build/nav2_rrtstar_planner' returned '0': CMAKE_PREFIX_PATH=${CMAKE_PREFIX_PATH}:/opt/ros/humble /usr/bin/cmake --build /home/karol/turtlebot3_ws/build/nav2_rrtstar_planner -- -j22 -l22
[3.815s] DEBUG:colcon.colcon_core.event_handler.log_command:Invoking command in '/home/karol/turtlebot3_ws/build/nav2_rrtstar_planner': CMAKE_PREFIX_PATH=${CMAKE_PREFIX_PATH}:/opt/ros/humble /usr/bin/cmake --install /home/karol/turtlebot3_ws/build/nav2_rrtstar_planner
[3.836s] Level 1:colcon.colcon_core.environment:create_environment_scripts_only(nav2_rrtstar_planner)
[3.837s] Level 1:colcon.colcon_core.environment:checking '/home/karol/turtlebot3_ws/install/nav2_rrtstar_planner' for CMake module files
[3.837s] DEBUG:colcon.colcon_core.event_handler.log_command:Invoked command in '/home/karol/turtlebot3_ws/build/nav2_rrtstar_planner' returned '0': CMAKE_PREFIX_PATH=${CMAKE_PREFIX_PATH}:/opt/ros/humble /usr/bin/cmake --install /home/karol/turtlebot3_ws/build/nav2_rrtstar_planner
[3.837s] Level 1:colcon.colcon_core.environment:checking '/home/karol/turtlebot3_ws/install/nav2_rrtstar_planner' for CMake config files
[3.838s] Level 1:colcon.colcon_core.shell:create_environment_hook('nav2_rrtstar_planner', 'cmake_prefix_path')
[3.838s] INFO:colcon.colcon_core.shell:Creating environment hook '/home/karol/turtlebot3_ws/install/nav2_rrtstar_planner/share/nav2_rrtstar_planner/hook/cmake_prefix_path.ps1'
[3.838s] INFO:colcon.colcon_core.shell:Creating environment descriptor '/home/karol/turtlebot3_ws/install/nav2_rrtstar_planner/share/nav2_rrtstar_planner/hook/cmake_prefix_path.dsv'
[3.839s] INFO:colcon.colcon_core.shell:Creating environment hook '/home/karol/turtlebot3_ws/install/nav2_rrtstar_planner/share/nav2_rrtstar_planner/hook/cmake_prefix_path.sh'
[3.839s] Level 1:colcon.colcon_core.environment:checking '/home/karol/turtlebot3_ws/install/nav2_rrtstar_planner/lib'
[3.839s] Level 1:colcon.colcon_core.shell:create_environment_hook('nav2_rrtstar_planner', 'ld_library_path_lib')
[3.839s] INFO:colcon.colcon_core.shell:Creating environment hook '/home/karol/turtlebot3_ws/install/nav2_rrtstar_planner/share/nav2_rrtstar_planner/hook/ld_library_path_lib.ps1'
[3.839s] INFO:colcon.colcon_core.shell:Creating environment descriptor '/home/karol/turtlebot3_ws/install/nav2_rrtstar_planner/share/nav2_rrtstar_planner/hook/ld_library_path_lib.dsv'
[3.840s] INFO:colcon.colcon_core.shell:Creating environment hook '/home/karol/turtlebot3_ws/install/nav2_rrtstar_planner/share/nav2_rrtstar_planner/hook/ld_library_path_lib.sh'
[3.840s] Level 1:colcon.colcon_core.environment:checking '/home/karol/turtlebot3_ws/install/nav2_rrtstar_planner/bin'
[3.840s] Level 1:colcon.colcon_core.environment:checking '/home/karol/turtlebot3_ws/install/nav2_rrtstar_planner/lib/pkgconfig/nav2_rrtstar_planner.pc'
[3.840s] Level 1:colcon.colcon_core.environment:checking '/home/karol/turtlebot3_ws/install/nav2_rrtstar_planner/lib/python3.10/site-packages'
[3.840s] Level 1:colcon.colcon_core.environment:checking '/home/karol/turtlebot3_ws/install/nav2_rrtstar_planner/bin'
[3.840s] INFO:colcon.colcon_core.shell:Creating package script '/home/karol/turtlebot3_ws/install/nav2_rrtstar_planner/share/nav2_rrtstar_planner/package.ps1'
[3.841s] INFO:colcon.colcon_core.shell:Creating package descriptor '/home/karol/turtlebot3_ws/install/nav2_rrtstar_planner/share/nav2_rrtstar_planner/package.dsv'
[3.841s] INFO:colcon.colcon_core.shell:Creating package script '/home/karol/turtlebot3_ws/install/nav2_rrtstar_planner/share/nav2_rrtstar_planner/package.sh'
[3.841s] INFO:colcon.colcon_core.shell:Creating package script '/home/karol/turtlebot3_ws/install/nav2_rrtstar_planner/share/nav2_rrtstar_planner/package.bash'
[3.841s] INFO:colcon.colcon_core.shell:Creating package script '/home/karol/turtlebot3_ws/install/nav2_rrtstar_planner/share/nav2_rrtstar_planner/package.zsh'
[3.842s] Level 1:colcon.colcon_core.environment:create_file_with_runtime_dependencies(/home/karol/turtlebot3_ws/install/nav2_rrtstar_planner/share/colcon-core/packages/nav2_rrtstar_planner)
[3.842s] Level 1:colcon.colcon_core.environment:create_environment_scripts_only(nav2_rrtstar_planner)
[3.842s] Level 1:colcon.colcon_core.environment:checking '/home/karol/turtlebot3_ws/install/nav2_rrtstar_planner' for CMake module files
[3.842s] Level 1:colcon.colcon_core.environment:checking '/home/karol/turtlebot3_ws/install/nav2_rrtstar_planner' for CMake config files
[3.843s] Level 1:colcon.colcon_core.shell:create_environment_hook('nav2_rrtstar_planner', 'cmake_prefix_path')
[3.843s] INFO:colcon.colcon_core.shell:Creating environment hook '/home/karol/turtlebot3_ws/install/nav2_rrtstar_planner/share/nav2_rrtstar_planner/hook/cmake_prefix_path.ps1'
[3.843s] INFO:colcon.colcon_core.shell:Creating environment descriptor '/home/karol/turtlebot3_ws/install/nav2_rrtstar_planner/share/nav2_rrtstar_planner/hook/cmake_prefix_path.dsv'
[3.843s] INFO:colcon.colcon_core.shell:Creating environment hook '/home/karol/turtlebot3_ws/install/nav2_rrtstar_planner/share/nav2_rrtstar_planner/hook/cmake_prefix_path.sh'
[3.844s] Level 1:colcon.colcon_core.environment:checking '/home/karol/turtlebot3_ws/install/nav2_rrtstar_planner/lib'
[3.844s] Level 1:colcon.colcon_core.shell:create_environment_hook('nav2_rrtstar_planner', 'ld_library_path_lib')
[3.844s] INFO:colcon.colcon_core.shell:Creating environment hook '/home/karol/turtlebot3_ws/install/nav2_rrtstar_planner/share/nav2_rrtstar_planner/hook/ld_library_path_lib.ps1'
[3.844s] INFO:colcon.colcon_core.shell:Creating environment descriptor '/home/karol/turtlebot3_ws/install/nav2_rrtstar_planner/share/nav2_rrtstar_planner/hook/ld_library_path_lib.dsv'
[3.845s] INFO:colcon.colcon_core.shell:Creating environment hook '/home/karol/turtlebot3_ws/install/nav2_rrtstar_planner/share/nav2_rrtstar_planner/hook/ld_library_path_lib.sh'
[3.845s] Level 1:colcon.colcon_core.environment:checking '/home/karol/turtlebot3_ws/install/nav2_rrtstar_planner/bin'
[3.845s] Level 1:colcon.colcon_core.environment:checking '/home/karol/turtlebot3_ws/install/nav2_rrtstar_planner/lib/pkgconfig/nav2_rrtstar_planner.pc'
[3.845s] Level 1:colcon.colcon_core.environment:checking '/home/karol/turtlebot3_ws/install/nav2_rrtstar_planner/lib/python3.10/site-packages'
[3.845s] Level 1:colcon.colcon_core.environment:checking '/home/karol/turtlebot3_ws/install/nav2_rrtstar_planner/bin'
[3.845s] INFO:colcon.colcon_core.shell:Creating package script '/home/karol/turtlebot3_ws/install/nav2_rrtstar_planner/share/nav2_rrtstar_planner/package.ps1'
[3.846s] INFO:colcon.colcon_core.shell:Creating package descriptor '/home/karol/turtlebot3_ws/install/nav2_rrtstar_planner/share/nav2_rrtstar_planner/package.dsv'
[3.846s] INFO:colcon.colcon_core.shell:Creating package script '/home/karol/turtlebot3_ws/install/nav2_rrtstar_planner/share/nav2_rrtstar_planner/package.sh'
[3.846s] INFO:colcon.colcon_core.shell:Creating package script '/home/karol/turtlebot3_ws/install/nav2_rrtstar_planner/share/nav2_rrtstar_planner/package.bash'
[3.847s] INFO:colcon.colcon_core.shell:Creating package script '/home/karol/turtlebot3_ws/install/nav2_rrtstar_planner/share/nav2_rrtstar_planner/package.zsh'
[3.847s] Level 1:colcon.colcon_core.environment:create_file_with_runtime_dependencies(/home/karol/turtlebot3_ws/install/nav2_rrtstar_planner/share/colcon-core/packages/nav2_rrtstar_planner)
[3.847s] DEBUG:colcon.colcon_parallel_executor.executor.parallel:closing loop
[3.847s] DEBUG:colcon.colcon_parallel_executor.executor.parallel:loop closed
[3.847s] DEBUG:colcon.colcon_parallel_executor.executor.parallel:run_until_complete finished with '0'
[3.847s] DEBUG:colcon.colcon_core.event_reactor:joining thread
[3.852s] INFO:colcon.colcon_core.plugin_system:Skipping extension 'colcon_notification.desktop_notification.terminal_notifier': Not used on non-Darwin systems
[3.852s] INFO:colcon.colcon_core.plugin_system:Skipping extension 'colcon_notification.desktop_notification.win32': Not used on non-Windows systems
[3.852s] INFO:colcon.colcon_notification.desktop_notification:Sending desktop notification using 'notify2'
[3.861s] DEBUG:colcon.colcon_core.event_reactor:joined thread
[3.861s] INFO:colcon.colcon_core.shell:Creating prefix script '/home/karol/turtlebot3_ws/install/local_setup.ps1'
[3.862s] INFO:colcon.colcon_core.shell:Creating prefix util module '/home/karol/turtlebot3_ws/install/_local_setup_util_ps1.py'
[3.864s] INFO:colcon.colcon_core.shell:Creating prefix chain script '/home/karol/turtlebot3_ws/install/setup.ps1'
[3.865s] INFO:colcon.colcon_core.shell:Creating prefix script '/home/karol/turtlebot3_ws/install/local_setup.sh'
[3.865s] INFO:colcon.colcon_core.shell:Creating prefix util module '/home/karol/turtlebot3_ws/install/_local_setup_util_sh.py'
[3.866s] INFO:colcon.colcon_core.shell:Creating prefix chain script '/home/karol/turtlebot3_ws/install/setup.sh'
[3.867s] INFO:colcon.colcon_core.shell:Creating prefix script '/home/karol/turtlebot3_ws/install/local_setup.bash'
[3.867s] INFO:colcon.colcon_core.shell:Creating prefix chain script '/home/karol/turtlebot3_ws/install/setup.bash'
[3.868s] INFO:colcon.colcon_core.shell:Creating prefix script '/home/karol/turtlebot3_ws/install/local_setup.zsh'
[3.869s] INFO:colcon.colcon_core.shell:Creating prefix chain script '/home/karol/turtlebot3_ws/install/setup.zsh'
